<?xml version="1.0" encoding="UTF-8"?>
<testsuite name="com.crossover.techtrial.controller.CommentControllerTest" tests="8" skipped="0" failures="0" errors="0" timestamp="2018-04-24T11:34:59" hostname="ramazan-Lenovo-G50-70" time="0.506">
  <properties/>
  <testcase name="checkEmailRequired" classname="com.crossover.techtrial.controller.CommentControllerTest" time="0.076"/>
  <testcase name="getNonExistingComment" classname="com.crossover.techtrial.controller.CommentControllerTest" time="0.035"/>
  <testcase name="checkMessageLength" classname="com.crossover.techtrial.controller.CommentControllerTest" time="0.07"/>
  <testcase name="createComment" classname="com.crossover.techtrial.controller.CommentControllerTest" time="0.073"/>
  <testcase name="createCommentExistingId" classname="com.crossover.techtrial.controller.CommentControllerTest" time="0.052"/>
  <testcase name="updateComment" classname="com.crossover.techtrial.controller.CommentControllerTest" time="0.097"/>
  <testcase name="deleteComment" classname="com.crossover.techtrial.controller.CommentControllerTest" time="0.047"/>
  <testcase name="getComment" classname="com.crossover.techtrial.controller.CommentControllerTest" time="0.04"/>
  <system-out><![CDATA[2018-04-24 14:34:59.192  INFO 21225 --- [    Test worker] .b.t.c.SpringBootTestContextBootstrapper : Neither @ContextConfiguration nor @ContextHierarchy found for test class [com.crossover.techtrial.controller.CommentControllerTest], using SpringBootContextLoader
2018-04-24 14:34:59.193  INFO 21225 --- [    Test worker] o.s.t.c.support.AbstractContextLoader    : Could not detect default resource locations for test class [com.crossover.techtrial.controller.CommentControllerTest]: no resource found for suffixes {-context.xml, Context.groovy}.
2018-04-24 14:34:59.193  INFO 21225 --- [    Test worker] t.c.s.AnnotationConfigContextLoaderUtils : Could not detect default configuration classes for test class [com.crossover.techtrial.controller.CommentControllerTest]: CommentControllerTest does not declare any static, non-private, non-final, nested classes annotated with @Configuration.
2018-04-24 14:34:59.195  INFO 21225 --- [    Test worker] .b.t.c.SpringBootTestContextBootstrapper : Found @SpringBootConfiguration com.crossover.techtrial.CrossBlogsApplication for test class com.crossover.techtrial.controller.CommentControllerTest
2018-04-24 14:34:59.196  INFO 21225 --- [    Test worker] .b.t.c.SpringBootTestContextBootstrapper : Loaded default TestExecutionListener class names from location [META-INF/spring.factories]: [org.springframework.boot.test.autoconfigure.restdocs.RestDocsTestExecutionListener, org.springframework.boot.test.autoconfigure.web.client.MockRestServiceServerResetTestExecutionListener, org.springframework.boot.test.autoconfigure.web.servlet.MockMvcPrintOnlyOnFailureTestExecutionListener, org.springframework.boot.test.autoconfigure.web.servlet.WebDriverTestExecutionListener, org.springframework.boot.test.mock.mockito.MockitoTestExecutionListener, org.springframework.boot.test.mock.mockito.ResetMocksTestExecutionListener, org.springframework.test.context.web.ServletTestExecutionListener, org.springframework.test.context.support.DirtiesContextBeforeModesTestExecutionListener, org.springframework.test.context.support.DependencyInjectionTestExecutionListener, org.springframework.test.context.support.DirtiesContextTestExecutionListener, org.springframework.test.context.transaction.TransactionalTestExecutionListener, org.springframework.test.context.jdbc.SqlScriptsTestExecutionListener]
2018-04-24 14:34:59.198  INFO 21225 --- [    Test worker] .b.t.c.SpringBootTestContextBootstrapper : Using TestExecutionListeners: [org.springframework.test.context.web.ServletTestExecutionListener@39d39c9b, org.springframework.test.context.support.DirtiesContextBeforeModesTestExecutionListener@16607e40, org.springframework.boot.test.mock.mockito.MockitoTestExecutionListener@603859fe, org.springframework.boot.test.autoconfigure.SpringBootDependencyInjectionTestExecutionListener@736e5232, org.springframework.test.context.support.DirtiesContextTestExecutionListener@56fc3f80, org.springframework.test.context.transaction.TransactionalTestExecutionListener@43fbd961, org.springframework.test.context.jdbc.SqlScriptsTestExecutionListener@61ae9f49, org.springframework.boot.test.autoconfigure.restdocs.RestDocsTestExecutionListener@60d0ae8c, org.springframework.boot.test.autoconfigure.web.client.MockRestServiceServerResetTestExecutionListener@57678d29, org.springframework.boot.test.autoconfigure.web.servlet.MockMvcPrintOnlyOnFailureTestExecutionListener@4a4a6675, org.springframework.boot.test.autoconfigure.web.servlet.WebDriverTestExecutionListener@5f0beca2, org.springframework.boot.test.mock.mockito.ResetMocksTestExecutionListener@3aca8d01]
2018-04-24 14:34:59.219  INFO 21225 --- [    Test worker] o.s.t.c.transaction.TransactionContext   : Began transaction (1) for test context [DefaultTestContext@e409405 testClass = CommentControllerTest, testInstance = com.crossover.techtrial.controller.CommentControllerTest@139e613b, testMethod = checkEmailRequired@CommentControllerTest, testException = [null], mergedContextConfiguration = [WebMergedContextConfiguration@5e72632b testClass = CommentControllerTest, locations = '{}', classes = '{class com.crossover.techtrial.CrossBlogsApplication}', contextInitializerClasses = '[]', activeProfiles = '{test}', propertySourceLocations = '{}', propertySourceProperties = '{org.springframework.boot.test.context.SpringBootTestContextBootstrapper=true, server.port=0}', contextCustomizers = set[org.springframework.boot.test.autoconfigure.properties.PropertyMappingContextCustomizer@0, org.springframework.boot.test.autoconfigure.web.servlet.WebDriverContextCustomizerFactory$Customizer@309b7543, org.springframework.boot.test.context.filter.ExcludeFilterContextCustomizer@2b0041da, org.springframework.boot.test.json.DuplicateJsonObjectContextCustomizerFactory$DuplicateJsonObjectContextCustomizer@53f73aa6, org.springframework.boot.test.mock.mockito.MockitoContextCustomizer@0, org.springframework.boot.test.web.client.TestRestTemplateContextCustomizer@51971694], resourceBasePath = 'src/main/webapp', contextLoader = 'org.springframework.boot.test.context.SpringBootContextLoader', parent = [null]], attributes = map['org.springframework.test.context.web.ServletTestExecutionListener.activateListener' -> false]]; transaction manager [org.springframework.orm.jpa.JpaTransactionManager@1447ad0e]; rollback [true]
2018-04-24 14:34:59.235  INFO 21225 --- [    Test worker] s.w.s.m.m.a.RequestMappingHandlerMapping : Mapped "{[/comments/{comment-id}],methods=[DELETE]}" onto public org.springframework.http.ResponseEntity<com.crossover.techtrial.model.Article> com.crossover.techtrial.controller.CommentController.deleteArticleById(java.lang.Long)
2018-04-24 14:34:59.236  INFO 21225 --- [    Test worker] s.w.s.m.m.a.RequestMappingHandlerMapping : Mapped "{[/comments],methods=[POST]}" onto public org.springframework.http.ResponseEntity<com.crossover.techtrial.model.Comment> com.crossover.techtrial.controller.CommentController.createComment(com.crossover.techtrial.model.Comment)
2018-04-24 14:34:59.236  INFO 21225 --- [    Test worker] s.w.s.m.m.a.RequestMappingHandlerMapping : Mapped "{[/comments/{comments-id}],methods=[GET]}" onto public org.springframework.http.ResponseEntity<com.crossover.techtrial.model.Comment> com.crossover.techtrial.controller.CommentController.getCommentById(java.lang.Long)
2018-04-24 14:34:59.237  INFO 21225 --- [    Test worker] s.w.s.m.m.a.RequestMappingHandlerMapping : Mapped "{[/comments],methods=[PUT]}" onto public org.springframework.http.ResponseEntity<com.crossover.techtrial.model.Comment> com.crossover.techtrial.controller.CommentController.updateComment(com.crossover.techtrial.model.Comment)
2018-04-24 14:34:59.255  INFO 21225 --- [    Test worker] s.w.s.m.m.a.RequestMappingHandlerAdapter : Looking for @ControllerAdvice: org.springframework.test.web.servlet.setup.StubWebApplicationContext@2a8dd42f
2018-04-24 14:34:59.258  INFO 21225 --- [    Test worker] .m.m.a.ExceptionHandlerExceptionResolver : Detected @ExceptionHandler methods in com.crossover.techtrial.exceptions.GlobalExceptionHandler#1de57712
2018-04-24 14:34:59.259  INFO 21225 --- [    Test worker] o.s.mock.web.MockServletContext          : Initializing Spring FrameworkServlet ''
2018-04-24 14:34:59.259  INFO 21225 --- [    Test worker] o.s.t.web.servlet.TestDispatcherServlet  : FrameworkServlet '': initialization started
2018-04-24 14:34:59.259  INFO 21225 --- [    Test worker] o.s.t.web.servlet.TestDispatcherServlet  : FrameworkServlet '': initialization completed in 0 ms
2018-04-24 14:34:59.293  INFO 21225 --- [    Test worker] o.s.t.c.transaction.TransactionContext   : Rolled back transaction for test context [DefaultTestContext@e409405 testClass = CommentControllerTest, testInstance = com.crossover.techtrial.controller.CommentControllerTest@139e613b, testMethod = checkEmailRequired@CommentControllerTest, testException = [null], mergedContextConfiguration = [WebMergedContextConfiguration@5e72632b testClass = CommentControllerTest, locations = '{}', classes = '{class com.crossover.techtrial.CrossBlogsApplication}', contextInitializerClasses = '[]', activeProfiles = '{test}', propertySourceLocations = '{}', propertySourceProperties = '{org.springframework.boot.test.context.SpringBootTestContextBootstrapper=true, server.port=0}', contextCustomizers = set[org.springframework.boot.test.autoconfigure.properties.PropertyMappingContextCustomizer@0, org.springframework.boot.test.autoconfigure.web.servlet.WebDriverContextCustomizerFactory$Customizer@309b7543, org.springframework.boot.test.context.filter.ExcludeFilterContextCustomizer@2b0041da, org.springframework.boot.test.json.DuplicateJsonObjectContextCustomizerFactory$DuplicateJsonObjectContextCustomizer@53f73aa6, org.springframework.boot.test.mock.mockito.MockitoContextCustomizer@0, org.springframework.boot.test.web.client.TestRestTemplateContextCustomizer@51971694], resourceBasePath = 'src/main/webapp', contextLoader = 'org.springframework.boot.test.context.SpringBootContextLoader', parent = [null]], attributes = map['org.springframework.test.context.web.ServletTestExecutionListener.activateListener' -> false]].
2018-04-24 14:34:59.297  INFO 21225 --- [    Test worker] o.s.t.c.transaction.TransactionContext   : Began transaction (1) for test context [DefaultTestContext@e409405 testClass = CommentControllerTest, testInstance = com.crossover.techtrial.controller.CommentControllerTest@4b663b06, testMethod = getNonExistingComment@CommentControllerTest, testException = [null], mergedContextConfiguration = [WebMergedContextConfiguration@5e72632b testClass = CommentControllerTest, locations = '{}', classes = '{class com.crossover.techtrial.CrossBlogsApplication}', contextInitializerClasses = '[]', activeProfiles = '{test}', propertySourceLocations = '{}', propertySourceProperties = '{org.springframework.boot.test.context.SpringBootTestContextBootstrapper=true, server.port=0}', contextCustomizers = set[org.springframework.boot.test.autoconfigure.properties.PropertyMappingContextCustomizer@0, org.springframework.boot.test.autoconfigure.web.servlet.WebDriverContextCustomizerFactory$Customizer@309b7543, org.springframework.boot.test.context.filter.ExcludeFilterContextCustomizer@2b0041da, org.springframework.boot.test.json.DuplicateJsonObjectContextCustomizerFactory$DuplicateJsonObjectContextCustomizer@53f73aa6, org.springframework.boot.test.mock.mockito.MockitoContextCustomizer@0, org.springframework.boot.test.web.client.TestRestTemplateContextCustomizer@51971694], resourceBasePath = 'src/main/webapp', contextLoader = 'org.springframework.boot.test.context.SpringBootContextLoader', parent = [null]], attributes = map['org.springframework.test.context.web.ServletTestExecutionListener.activateListener' -> false]]; transaction manager [org.springframework.orm.jpa.JpaTransactionManager@1447ad0e]; rollback [true]
2018-04-24 14:34:59.301  INFO 21225 --- [    Test worker] s.w.s.m.m.a.RequestMappingHandlerMapping : Mapped "{[/comments/{comment-id}],methods=[DELETE]}" onto public org.springframework.http.ResponseEntity<com.crossover.techtrial.model.Article> com.crossover.techtrial.controller.CommentController.deleteArticleById(java.lang.Long)
2018-04-24 14:34:59.301  INFO 21225 --- [    Test worker] s.w.s.m.m.a.RequestMappingHandlerMapping : Mapped "{[/comments],methods=[POST]}" onto public org.springframework.http.ResponseEntity<com.crossover.techtrial.model.Comment> com.crossover.techtrial.controller.CommentController.createComment(com.crossover.techtrial.model.Comment)
2018-04-24 14:34:59.301  INFO 21225 --- [    Test worker] s.w.s.m.m.a.RequestMappingHandlerMapping : Mapped "{[/comments/{comments-id}],methods=[GET]}" onto public org.springframework.http.ResponseEntity<com.crossover.techtrial.model.Comment> com.crossover.techtrial.controller.CommentController.getCommentById(java.lang.Long)
2018-04-24 14:34:59.302  INFO 21225 --- [    Test worker] s.w.s.m.m.a.RequestMappingHandlerMapping : Mapped "{[/comments],methods=[PUT]}" onto public org.springframework.http.ResponseEntity<com.crossover.techtrial.model.Comment> com.crossover.techtrial.controller.CommentController.updateComment(com.crossover.techtrial.model.Comment)
2018-04-24 14:34:59.314  INFO 21225 --- [    Test worker] s.w.s.m.m.a.RequestMappingHandlerAdapter : Looking for @ControllerAdvice: org.springframework.test.web.servlet.setup.StubWebApplicationContext@25269667
2018-04-24 14:34:59.316  INFO 21225 --- [    Test worker] .m.m.a.ExceptionHandlerExceptionResolver : Detected @ExceptionHandler methods in com.crossover.techtrial.exceptions.GlobalExceptionHandler#1de57712
2018-04-24 14:34:59.317  INFO 21225 --- [    Test worker] o.s.mock.web.MockServletContext          : Initializing Spring FrameworkServlet ''
2018-04-24 14:34:59.317  INFO 21225 --- [    Test worker] o.s.t.web.servlet.TestDispatcherServlet  : FrameworkServlet '': initialization started
2018-04-24 14:34:59.317  INFO 21225 --- [    Test worker] o.s.t.web.servlet.TestDispatcherServlet  : FrameworkServlet '': initialization completed in 0 ms
2018-04-24 14:34:59.330  INFO 21225 --- [    Test worker] o.s.t.c.transaction.TransactionContext   : Rolled back transaction for test context [DefaultTestContext@e409405 testClass = CommentControllerTest, testInstance = com.crossover.techtrial.controller.CommentControllerTest@4b663b06, testMethod = getNonExistingComment@CommentControllerTest, testException = [null], mergedContextConfiguration = [WebMergedContextConfiguration@5e72632b testClass = CommentControllerTest, locations = '{}', classes = '{class com.crossover.techtrial.CrossBlogsApplication}', contextInitializerClasses = '[]', activeProfiles = '{test}', propertySourceLocations = '{}', propertySourceProperties = '{org.springframework.boot.test.context.SpringBootTestContextBootstrapper=true, server.port=0}', contextCustomizers = set[org.springframework.boot.test.autoconfigure.properties.PropertyMappingContextCustomizer@0, org.springframework.boot.test.autoconfigure.web.servlet.WebDriverContextCustomizerFactory$Customizer@309b7543, org.springframework.boot.test.context.filter.ExcludeFilterContextCustomizer@2b0041da, org.springframework.boot.test.json.DuplicateJsonObjectContextCustomizerFactory$DuplicateJsonObjectContextCustomizer@53f73aa6, org.springframework.boot.test.mock.mockito.MockitoContextCustomizer@0, org.springframework.boot.test.web.client.TestRestTemplateContextCustomizer@51971694], resourceBasePath = 'src/main/webapp', contextLoader = 'org.springframework.boot.test.context.SpringBootContextLoader', parent = [null]], attributes = map['org.springframework.test.context.web.ServletTestExecutionListener.activateListener' -> false]].
2018-04-24 14:34:59.336  INFO 21225 --- [    Test worker] o.s.t.c.transaction.TransactionContext   : Began transaction (1) for test context [DefaultTestContext@e409405 testClass = CommentControllerTest, testInstance = com.crossover.techtrial.controller.CommentControllerTest@e1699e4, testMethod = checkMessageLength@CommentControllerTest, testException = [null], mergedContextConfiguration = [WebMergedContextConfiguration@5e72632b testClass = CommentControllerTest, locations = '{}', classes = '{class com.crossover.techtrial.CrossBlogsApplication}', contextInitializerClasses = '[]', activeProfiles = '{test}', propertySourceLocations = '{}', propertySourceProperties = '{org.springframework.boot.test.context.SpringBootTestContextBootstrapper=true, server.port=0}', contextCustomizers = set[org.springframework.boot.test.autoconfigure.properties.PropertyMappingContextCustomizer@0, org.springframework.boot.test.autoconfigure.web.servlet.WebDriverContextCustomizerFactory$Customizer@309b7543, org.springframework.boot.test.context.filter.ExcludeFilterContextCustomizer@2b0041da, org.springframework.boot.test.json.DuplicateJsonObjectContextCustomizerFactory$DuplicateJsonObjectContextCustomizer@53f73aa6, org.springframework.boot.test.mock.mockito.MockitoContextCustomizer@0, org.springframework.boot.test.web.client.TestRestTemplateContextCustomizer@51971694], resourceBasePath = 'src/main/webapp', contextLoader = 'org.springframework.boot.test.context.SpringBootContextLoader', parent = [null]], attributes = map['org.springframework.test.context.web.ServletTestExecutionListener.activateListener' -> false]]; transaction manager [org.springframework.orm.jpa.JpaTransactionManager@1447ad0e]; rollback [true]
2018-04-24 14:34:59.340  INFO 21225 --- [    Test worker] s.w.s.m.m.a.RequestMappingHandlerMapping : Mapped "{[/comments/{comment-id}],methods=[DELETE]}" onto public org.springframework.http.ResponseEntity<com.crossover.techtrial.model.Article> com.crossover.techtrial.controller.CommentController.deleteArticleById(java.lang.Long)
2018-04-24 14:34:59.340  INFO 21225 --- [    Test worker] s.w.s.m.m.a.RequestMappingHandlerMapping : Mapped "{[/comments],methods=[POST]}" onto public org.springframework.http.ResponseEntity<com.crossover.techtrial.model.Comment> com.crossover.techtrial.controller.CommentController.createComment(com.crossover.techtrial.model.Comment)
2018-04-24 14:34:59.341  INFO 21225 --- [    Test worker] s.w.s.m.m.a.RequestMappingHandlerMapping : Mapped "{[/comments/{comments-id}],methods=[GET]}" onto public org.springframework.http.ResponseEntity<com.crossover.techtrial.model.Comment> com.crossover.techtrial.controller.CommentController.getCommentById(java.lang.Long)
2018-04-24 14:34:59.341  INFO 21225 --- [    Test worker] s.w.s.m.m.a.RequestMappingHandlerMapping : Mapped "{[/comments],methods=[PUT]}" onto public org.springframework.http.ResponseEntity<com.crossover.techtrial.model.Comment> com.crossover.techtrial.controller.CommentController.updateComment(com.crossover.techtrial.model.Comment)
2018-04-24 14:34:59.354  INFO 21225 --- [    Test worker] s.w.s.m.m.a.RequestMappingHandlerAdapter : Looking for @ControllerAdvice: org.springframework.test.web.servlet.setup.StubWebApplicationContext@4555be91
2018-04-24 14:34:59.357  INFO 21225 --- [    Test worker] .m.m.a.ExceptionHandlerExceptionResolver : Detected @ExceptionHandler methods in com.crossover.techtrial.exceptions.GlobalExceptionHandler#1de57712
2018-04-24 14:34:59.358  INFO 21225 --- [    Test worker] o.s.mock.web.MockServletContext          : Initializing Spring FrameworkServlet ''
2018-04-24 14:34:59.358  INFO 21225 --- [    Test worker] o.s.t.web.servlet.TestDispatcherServlet  : FrameworkServlet '': initialization started
2018-04-24 14:34:59.358  INFO 21225 --- [    Test worker] o.s.t.web.servlet.TestDispatcherServlet  : FrameworkServlet '': initialization completed in 0 ms
2018-04-24 14:34:59.404  INFO 21225 --- [    Test worker] o.s.t.c.transaction.TransactionContext   : Rolled back transaction for test context [DefaultTestContext@e409405 testClass = CommentControllerTest, testInstance = com.crossover.techtrial.controller.CommentControllerTest@e1699e4, testMethod = checkMessageLength@CommentControllerTest, testException = [null], mergedContextConfiguration = [WebMergedContextConfiguration@5e72632b testClass = CommentControllerTest, locations = '{}', classes = '{class com.crossover.techtrial.CrossBlogsApplication}', contextInitializerClasses = '[]', activeProfiles = '{test}', propertySourceLocations = '{}', propertySourceProperties = '{org.springframework.boot.test.context.SpringBootTestContextBootstrapper=true, server.port=0}', contextCustomizers = set[org.springframework.boot.test.autoconfigure.properties.PropertyMappingContextCustomizer@0, org.springframework.boot.test.autoconfigure.web.servlet.WebDriverContextCustomizerFactory$Customizer@309b7543, org.springframework.boot.test.context.filter.ExcludeFilterContextCustomizer@2b0041da, org.springframework.boot.test.json.DuplicateJsonObjectContextCustomizerFactory$DuplicateJsonObjectContextCustomizer@53f73aa6, org.springframework.boot.test.mock.mockito.MockitoContextCustomizer@0, org.springframework.boot.test.web.client.TestRestTemplateContextCustomizer@51971694], resourceBasePath = 'src/main/webapp', contextLoader = 'org.springframework.boot.test.context.SpringBootContextLoader', parent = [null]], attributes = map['org.springframework.test.context.web.ServletTestExecutionListener.activateListener' -> false]].
2018-04-24 14:34:59.412  INFO 21225 --- [    Test worker] o.s.t.c.transaction.TransactionContext   : Began transaction (1) for test context [DefaultTestContext@e409405 testClass = CommentControllerTest, testInstance = com.crossover.techtrial.controller.CommentControllerTest@4cce245e, testMethod = createComment@CommentControllerTest, testException = [null], mergedContextConfiguration = [WebMergedContextConfiguration@5e72632b testClass = CommentControllerTest, locations = '{}', classes = '{class com.crossover.techtrial.CrossBlogsApplication}', contextInitializerClasses = '[]', activeProfiles = '{test}', propertySourceLocations = '{}', propertySourceProperties = '{org.springframework.boot.test.context.SpringBootTestContextBootstrapper=true, server.port=0}', contextCustomizers = set[org.springframework.boot.test.autoconfigure.properties.PropertyMappingContextCustomizer@0, org.springframework.boot.test.autoconfigure.web.servlet.WebDriverContextCustomizerFactory$Customizer@309b7543, org.springframework.boot.test.context.filter.ExcludeFilterContextCustomizer@2b0041da, org.springframework.boot.test.json.DuplicateJsonObjectContextCustomizerFactory$DuplicateJsonObjectContextCustomizer@53f73aa6, org.springframework.boot.test.mock.mockito.MockitoContextCustomizer@0, org.springframework.boot.test.web.client.TestRestTemplateContextCustomizer@51971694], resourceBasePath = 'src/main/webapp', contextLoader = 'org.springframework.boot.test.context.SpringBootContextLoader', parent = [null]], attributes = map['org.springframework.test.context.web.ServletTestExecutionListener.activateListener' -> false]]; transaction manager [org.springframework.orm.jpa.JpaTransactionManager@1447ad0e]; rollback [true]
2018-04-24 14:34:59.417  INFO 21225 --- [    Test worker] s.w.s.m.m.a.RequestMappingHandlerMapping : Mapped "{[/comments/{comment-id}],methods=[DELETE]}" onto public org.springframework.http.ResponseEntity<com.crossover.techtrial.model.Article> com.crossover.techtrial.controller.CommentController.deleteArticleById(java.lang.Long)
2018-04-24 14:34:59.418  INFO 21225 --- [    Test worker] s.w.s.m.m.a.RequestMappingHandlerMapping : Mapped "{[/comments],methods=[POST]}" onto public org.springframework.http.ResponseEntity<com.crossover.techtrial.model.Comment> com.crossover.techtrial.controller.CommentController.createComment(com.crossover.techtrial.model.Comment)
2018-04-24 14:34:59.419  INFO 21225 --- [    Test worker] s.w.s.m.m.a.RequestMappingHandlerMapping : Mapped "{[/comments/{comments-id}],methods=[GET]}" onto public org.springframework.http.ResponseEntity<com.crossover.techtrial.model.Comment> com.crossover.techtrial.controller.CommentController.getCommentById(java.lang.Long)
2018-04-24 14:34:59.420  INFO 21225 --- [    Test worker] s.w.s.m.m.a.RequestMappingHandlerMapping : Mapped "{[/comments],methods=[PUT]}" onto public org.springframework.http.ResponseEntity<com.crossover.techtrial.model.Comment> com.crossover.techtrial.controller.CommentController.updateComment(com.crossover.techtrial.model.Comment)
2018-04-24 14:34:59.435  INFO 21225 --- [    Test worker] s.w.s.m.m.a.RequestMappingHandlerAdapter : Looking for @ControllerAdvice: org.springframework.test.web.servlet.setup.StubWebApplicationContext@3e018178
2018-04-24 14:34:59.440  INFO 21225 --- [    Test worker] .m.m.a.ExceptionHandlerExceptionResolver : Detected @ExceptionHandler methods in com.crossover.techtrial.exceptions.GlobalExceptionHandler#1de57712
2018-04-24 14:34:59.440  INFO 21225 --- [    Test worker] o.s.mock.web.MockServletContext          : Initializing Spring FrameworkServlet ''
2018-04-24 14:34:59.440  INFO 21225 --- [    Test worker] o.s.t.web.servlet.TestDispatcherServlet  : FrameworkServlet '': initialization started
2018-04-24 14:34:59.441  INFO 21225 --- [    Test worker] o.s.t.web.servlet.TestDispatcherServlet  : FrameworkServlet '': initialization completed in 1 ms
2018-04-24 14:34:59.479  INFO 21225 --- [    Test worker] o.s.t.c.transaction.TransactionContext   : Rolled back transaction for test context [DefaultTestContext@e409405 testClass = CommentControllerTest, testInstance = com.crossover.techtrial.controller.CommentControllerTest@4cce245e, testMethod = createComment@CommentControllerTest, testException = [null], mergedContextConfiguration = [WebMergedContextConfiguration@5e72632b testClass = CommentControllerTest, locations = '{}', classes = '{class com.crossover.techtrial.CrossBlogsApplication}', contextInitializerClasses = '[]', activeProfiles = '{test}', propertySourceLocations = '{}', propertySourceProperties = '{org.springframework.boot.test.context.SpringBootTestContextBootstrapper=true, server.port=0}', contextCustomizers = set[org.springframework.boot.test.autoconfigure.properties.PropertyMappingContextCustomizer@0, org.springframework.boot.test.autoconfigure.web.servlet.WebDriverContextCustomizerFactory$Customizer@309b7543, org.springframework.boot.test.context.filter.ExcludeFilterContextCustomizer@2b0041da, org.springframework.boot.test.json.DuplicateJsonObjectContextCustomizerFactory$DuplicateJsonObjectContextCustomizer@53f73aa6, org.springframework.boot.test.mock.mockito.MockitoContextCustomizer@0, org.springframework.boot.test.web.client.TestRestTemplateContextCustomizer@51971694], resourceBasePath = 'src/main/webapp', contextLoader = 'org.springframework.boot.test.context.SpringBootContextLoader', parent = [null]], attributes = map['org.springframework.test.context.web.ServletTestExecutionListener.activateListener' -> false]].
2018-04-24 14:34:59.482  INFO 21225 --- [    Test worker] o.s.t.c.transaction.TransactionContext   : Began transaction (1) for test context [DefaultTestContext@e409405 testClass = CommentControllerTest, testInstance = com.crossover.techtrial.controller.CommentControllerTest@3d33e39f, testMethod = createCommentExistingId@CommentControllerTest, testException = [null], mergedContextConfiguration = [WebMergedContextConfiguration@5e72632b testClass = CommentControllerTest, locations = '{}', classes = '{class com.crossover.techtrial.CrossBlogsApplication}', contextInitializerClasses = '[]', activeProfiles = '{test}', propertySourceLocations = '{}', propertySourceProperties = '{org.springframework.boot.test.context.SpringBootTestContextBootstrapper=true, server.port=0}', contextCustomizers = set[org.springframework.boot.test.autoconfigure.properties.PropertyMappingContextCustomizer@0, org.springframework.boot.test.autoconfigure.web.servlet.WebDriverContextCustomizerFactory$Customizer@309b7543, org.springframework.boot.test.context.filter.ExcludeFilterContextCustomizer@2b0041da, org.springframework.boot.test.json.DuplicateJsonObjectContextCustomizerFactory$DuplicateJsonObjectContextCustomizer@53f73aa6, org.springframework.boot.test.mock.mockito.MockitoContextCustomizer@0, org.springframework.boot.test.web.client.TestRestTemplateContextCustomizer@51971694], resourceBasePath = 'src/main/webapp', contextLoader = 'org.springframework.boot.test.context.SpringBootContextLoader', parent = [null]], attributes = map['org.springframework.test.context.web.ServletTestExecutionListener.activateListener' -> false]]; transaction manager [org.springframework.orm.jpa.JpaTransactionManager@1447ad0e]; rollback [true]
2018-04-24 14:34:59.490  INFO 21225 --- [    Test worker] s.w.s.m.m.a.RequestMappingHandlerMapping : Mapped "{[/comments/{comment-id}],methods=[DELETE]}" onto public org.springframework.http.ResponseEntity<com.crossover.techtrial.model.Article> com.crossover.techtrial.controller.CommentController.deleteArticleById(java.lang.Long)
2018-04-24 14:34:59.491  INFO 21225 --- [    Test worker] s.w.s.m.m.a.RequestMappingHandlerMapping : Mapped "{[/comments],methods=[POST]}" onto public org.springframework.http.ResponseEntity<com.crossover.techtrial.model.Comment> com.crossover.techtrial.controller.CommentController.createComment(com.crossover.techtrial.model.Comment)
2018-04-24 14:34:59.492  INFO 21225 --- [    Test worker] s.w.s.m.m.a.RequestMappingHandlerMapping : Mapped "{[/comments/{comments-id}],methods=[GET]}" onto public org.springframework.http.ResponseEntity<com.crossover.techtrial.model.Comment> com.crossover.techtrial.controller.CommentController.getCommentById(java.lang.Long)
2018-04-24 14:34:59.492  INFO 21225 --- [    Test worker] s.w.s.m.m.a.RequestMappingHandlerMapping : Mapped "{[/comments],methods=[PUT]}" onto public org.springframework.http.ResponseEntity<com.crossover.techtrial.model.Comment> com.crossover.techtrial.controller.CommentController.updateComment(com.crossover.techtrial.model.Comment)
2018-04-24 14:34:59.503  INFO 21225 --- [    Test worker] s.w.s.m.m.a.RequestMappingHandlerAdapter : Looking for @ControllerAdvice: org.springframework.test.web.servlet.setup.StubWebApplicationContext@7b1b9fef
2018-04-24 14:34:59.506  INFO 21225 --- [    Test worker] .m.m.a.ExceptionHandlerExceptionResolver : Detected @ExceptionHandler methods in com.crossover.techtrial.exceptions.GlobalExceptionHandler#1de57712
2018-04-24 14:34:59.506  INFO 21225 --- [    Test worker] o.s.mock.web.MockServletContext          : Initializing Spring FrameworkServlet ''
2018-04-24 14:34:59.506  INFO 21225 --- [    Test worker] o.s.t.web.servlet.TestDispatcherServlet  : FrameworkServlet '': initialization started
2018-04-24 14:34:59.506  INFO 21225 --- [    Test worker] o.s.t.web.servlet.TestDispatcherServlet  : FrameworkServlet '': initialization completed in 0 ms
2018-04-24 14:34:59.532  INFO 21225 --- [    Test worker] o.s.t.c.transaction.TransactionContext   : Rolled back transaction for test context [DefaultTestContext@e409405 testClass = CommentControllerTest, testInstance = com.crossover.techtrial.controller.CommentControllerTest@3d33e39f, testMethod = createCommentExistingId@CommentControllerTest, testException = [null], mergedContextConfiguration = [WebMergedContextConfiguration@5e72632b testClass = CommentControllerTest, locations = '{}', classes = '{class com.crossover.techtrial.CrossBlogsApplication}', contextInitializerClasses = '[]', activeProfiles = '{test}', propertySourceLocations = '{}', propertySourceProperties = '{org.springframework.boot.test.context.SpringBootTestContextBootstrapper=true, server.port=0}', contextCustomizers = set[org.springframework.boot.test.autoconfigure.properties.PropertyMappingContextCustomizer@0, org.springframework.boot.test.autoconfigure.web.servlet.WebDriverContextCustomizerFactory$Customizer@309b7543, org.springframework.boot.test.context.filter.ExcludeFilterContextCustomizer@2b0041da, org.springframework.boot.test.json.DuplicateJsonObjectContextCustomizerFactory$DuplicateJsonObjectContextCustomizer@53f73aa6, org.springframework.boot.test.mock.mockito.MockitoContextCustomizer@0, org.springframework.boot.test.web.client.TestRestTemplateContextCustomizer@51971694], resourceBasePath = 'src/main/webapp', contextLoader = 'org.springframework.boot.test.context.SpringBootContextLoader', parent = [null]], attributes = map['org.springframework.test.context.web.ServletTestExecutionListener.activateListener' -> false]].
2018-04-24 14:34:59.543  INFO 21225 --- [    Test worker] o.s.t.c.transaction.TransactionContext   : Began transaction (1) for test context [DefaultTestContext@e409405 testClass = CommentControllerTest, testInstance = com.crossover.techtrial.controller.CommentControllerTest@46949d16, testMethod = updateComment@CommentControllerTest, testException = [null], mergedContextConfiguration = [WebMergedContextConfiguration@5e72632b testClass = CommentControllerTest, locations = '{}', classes = '{class com.crossover.techtrial.CrossBlogsApplication}', contextInitializerClasses = '[]', activeProfiles = '{test}', propertySourceLocations = '{}', propertySourceProperties = '{org.springframework.boot.test.context.SpringBootTestContextBootstrapper=true, server.port=0}', contextCustomizers = set[org.springframework.boot.test.autoconfigure.properties.PropertyMappingContextCustomizer@0, org.springframework.boot.test.autoconfigure.web.servlet.WebDriverContextCustomizerFactory$Customizer@309b7543, org.springframework.boot.test.context.filter.ExcludeFilterContextCustomizer@2b0041da, org.springframework.boot.test.json.DuplicateJsonObjectContextCustomizerFactory$DuplicateJsonObjectContextCustomizer@53f73aa6, org.springframework.boot.test.mock.mockito.MockitoContextCustomizer@0, org.springframework.boot.test.web.client.TestRestTemplateContextCustomizer@51971694], resourceBasePath = 'src/main/webapp', contextLoader = 'org.springframework.boot.test.context.SpringBootContextLoader', parent = [null]], attributes = map['org.springframework.test.context.web.ServletTestExecutionListener.activateListener' -> false]]; transaction manager [org.springframework.orm.jpa.JpaTransactionManager@1447ad0e]; rollback [true]
2018-04-24 14:34:59.547  INFO 21225 --- [    Test worker] s.w.s.m.m.a.RequestMappingHandlerMapping : Mapped "{[/comments/{comment-id}],methods=[DELETE]}" onto public org.springframework.http.ResponseEntity<com.crossover.techtrial.model.Article> com.crossover.techtrial.controller.CommentController.deleteArticleById(java.lang.Long)
2018-04-24 14:34:59.548  INFO 21225 --- [    Test worker] s.w.s.m.m.a.RequestMappingHandlerMapping : Mapped "{[/comments],methods=[POST]}" onto public org.springframework.http.ResponseEntity<com.crossover.techtrial.model.Comment> com.crossover.techtrial.controller.CommentController.createComment(com.crossover.techtrial.model.Comment)
2018-04-24 14:34:59.548  INFO 21225 --- [    Test worker] s.w.s.m.m.a.RequestMappingHandlerMapping : Mapped "{[/comments/{comments-id}],methods=[GET]}" onto public org.springframework.http.ResponseEntity<com.crossover.techtrial.model.Comment> com.crossover.techtrial.controller.CommentController.getCommentById(java.lang.Long)
2018-04-24 14:34:59.549  INFO 21225 --- [    Test worker] s.w.s.m.m.a.RequestMappingHandlerMapping : Mapped "{[/comments],methods=[PUT]}" onto public org.springframework.http.ResponseEntity<com.crossover.techtrial.model.Comment> com.crossover.techtrial.controller.CommentController.updateComment(com.crossover.techtrial.model.Comment)
2018-04-24 14:34:59.560  INFO 21225 --- [    Test worker] s.w.s.m.m.a.RequestMappingHandlerAdapter : Looking for @ControllerAdvice: org.springframework.test.web.servlet.setup.StubWebApplicationContext@2e81786d
2018-04-24 14:34:59.563  INFO 21225 --- [    Test worker] .m.m.a.ExceptionHandlerExceptionResolver : Detected @ExceptionHandler methods in com.crossover.techtrial.exceptions.GlobalExceptionHandler#1de57712
2018-04-24 14:34:59.570  INFO 21225 --- [    Test worker] o.s.mock.web.MockServletContext          : Initializing Spring FrameworkServlet ''
2018-04-24 14:34:59.571  INFO 21225 --- [    Test worker] o.s.t.web.servlet.TestDispatcherServlet  : FrameworkServlet '': initialization started
2018-04-24 14:34:59.571  INFO 21225 --- [    Test worker] o.s.t.web.servlet.TestDispatcherServlet  : FrameworkServlet '': initialization completed in 0 ms
2018-04-24 14:34:59.632  INFO 21225 --- [    Test worker] o.s.t.c.transaction.TransactionContext   : Rolled back transaction for test context [DefaultTestContext@e409405 testClass = CommentControllerTest, testInstance = com.crossover.techtrial.controller.CommentControllerTest@46949d16, testMethod = updateComment@CommentControllerTest, testException = [null], mergedContextConfiguration = [WebMergedContextConfiguration@5e72632b testClass = CommentControllerTest, locations = '{}', classes = '{class com.crossover.techtrial.CrossBlogsApplication}', contextInitializerClasses = '[]', activeProfiles = '{test}', propertySourceLocations = '{}', propertySourceProperties = '{org.springframework.boot.test.context.SpringBootTestContextBootstrapper=true, server.port=0}', contextCustomizers = set[org.springframework.boot.test.autoconfigure.properties.PropertyMappingContextCustomizer@0, org.springframework.boot.test.autoconfigure.web.servlet.WebDriverContextCustomizerFactory$Customizer@309b7543, org.springframework.boot.test.context.filter.ExcludeFilterContextCustomizer@2b0041da, org.springframework.boot.test.json.DuplicateJsonObjectContextCustomizerFactory$DuplicateJsonObjectContextCustomizer@53f73aa6, org.springframework.boot.test.mock.mockito.MockitoContextCustomizer@0, org.springframework.boot.test.web.client.TestRestTemplateContextCustomizer@51971694], resourceBasePath = 'src/main/webapp', contextLoader = 'org.springframework.boot.test.context.SpringBootContextLoader', parent = [null]], attributes = map['org.springframework.test.context.web.ServletTestExecutionListener.activateListener' -> false]].
2018-04-24 14:34:59.636  INFO 21225 --- [    Test worker] o.s.t.c.transaction.TransactionContext   : Began transaction (1) for test context [DefaultTestContext@e409405 testClass = CommentControllerTest, testInstance = com.crossover.techtrial.controller.CommentControllerTest@38d5be26, testMethod = deleteComment@CommentControllerTest, testException = [null], mergedContextConfiguration = [WebMergedContextConfiguration@5e72632b testClass = CommentControllerTest, locations = '{}', classes = '{class com.crossover.techtrial.CrossBlogsApplication}', contextInitializerClasses = '[]', activeProfiles = '{test}', propertySourceLocations = '{}', propertySourceProperties = '{org.springframework.boot.test.context.SpringBootTestContextBootstrapper=true, server.port=0}', contextCustomizers = set[org.springframework.boot.test.autoconfigure.properties.PropertyMappingContextCustomizer@0, org.springframework.boot.test.autoconfigure.web.servlet.WebDriverContextCustomizerFactory$Customizer@309b7543, org.springframework.boot.test.context.filter.ExcludeFilterContextCustomizer@2b0041da, org.springframework.boot.test.json.DuplicateJsonObjectContextCustomizerFactory$DuplicateJsonObjectContextCustomizer@53f73aa6, org.springframework.boot.test.mock.mockito.MockitoContextCustomizer@0, org.springframework.boot.test.web.client.TestRestTemplateContextCustomizer@51971694], resourceBasePath = 'src/main/webapp', contextLoader = 'org.springframework.boot.test.context.SpringBootContextLoader', parent = [null]], attributes = map['org.springframework.test.context.web.ServletTestExecutionListener.activateListener' -> false]]; transaction manager [org.springframework.orm.jpa.JpaTransactionManager@1447ad0e]; rollback [true]
2018-04-24 14:34:59.643  INFO 21225 --- [    Test worker] s.w.s.m.m.a.RequestMappingHandlerMapping : Mapped "{[/comments/{comment-id}],methods=[DELETE]}" onto public org.springframework.http.ResponseEntity<com.crossover.techtrial.model.Article> com.crossover.techtrial.controller.CommentController.deleteArticleById(java.lang.Long)
2018-04-24 14:34:59.644  INFO 21225 --- [    Test worker] s.w.s.m.m.a.RequestMappingHandlerMapping : Mapped "{[/comments],methods=[POST]}" onto public org.springframework.http.ResponseEntity<com.crossover.techtrial.model.Comment> com.crossover.techtrial.controller.CommentController.createComment(com.crossover.techtrial.model.Comment)
2018-04-24 14:34:59.644  INFO 21225 --- [    Test worker] s.w.s.m.m.a.RequestMappingHandlerMapping : Mapped "{[/comments/{comments-id}],methods=[GET]}" onto public org.springframework.http.ResponseEntity<com.crossover.techtrial.model.Comment> com.crossover.techtrial.controller.CommentController.getCommentById(java.lang.Long)
2018-04-24 14:34:59.644  INFO 21225 --- [    Test worker] s.w.s.m.m.a.RequestMappingHandlerMapping : Mapped "{[/comments],methods=[PUT]}" onto public org.springframework.http.ResponseEntity<com.crossover.techtrial.model.Comment> com.crossover.techtrial.controller.CommentController.updateComment(com.crossover.techtrial.model.Comment)
2018-04-24 14:34:59.656  INFO 21225 --- [    Test worker] s.w.s.m.m.a.RequestMappingHandlerAdapter : Looking for @ControllerAdvice: org.springframework.test.web.servlet.setup.StubWebApplicationContext@6886a757
2018-04-24 14:34:59.659  INFO 21225 --- [    Test worker] .m.m.a.ExceptionHandlerExceptionResolver : Detected @ExceptionHandler methods in com.crossover.techtrial.exceptions.GlobalExceptionHandler#1de57712
2018-04-24 14:34:59.660  INFO 21225 --- [    Test worker] o.s.mock.web.MockServletContext          : Initializing Spring FrameworkServlet ''
2018-04-24 14:34:59.660  INFO 21225 --- [    Test worker] o.s.t.web.servlet.TestDispatcherServlet  : FrameworkServlet '': initialization started
2018-04-24 14:34:59.660  INFO 21225 --- [    Test worker] o.s.t.web.servlet.TestDispatcherServlet  : FrameworkServlet '': initialization completed in 0 ms
2018-04-24 14:34:59.681  INFO 21225 --- [    Test worker] o.s.t.c.transaction.TransactionContext   : Rolled back transaction for test context [DefaultTestContext@e409405 testClass = CommentControllerTest, testInstance = com.crossover.techtrial.controller.CommentControllerTest@38d5be26, testMethod = deleteComment@CommentControllerTest, testException = [null], mergedContextConfiguration = [WebMergedContextConfiguration@5e72632b testClass = CommentControllerTest, locations = '{}', classes = '{class com.crossover.techtrial.CrossBlogsApplication}', contextInitializerClasses = '[]', activeProfiles = '{test}', propertySourceLocations = '{}', propertySourceProperties = '{org.springframework.boot.test.context.SpringBootTestContextBootstrapper=true, server.port=0}', contextCustomizers = set[org.springframework.boot.test.autoconfigure.properties.PropertyMappingContextCustomizer@0, org.springframework.boot.test.autoconfigure.web.servlet.WebDriverContextCustomizerFactory$Customizer@309b7543, org.springframework.boot.test.context.filter.ExcludeFilterContextCustomizer@2b0041da, org.springframework.boot.test.json.DuplicateJsonObjectContextCustomizerFactory$DuplicateJsonObjectContextCustomizer@53f73aa6, org.springframework.boot.test.mock.mockito.MockitoContextCustomizer@0, org.springframework.boot.test.web.client.TestRestTemplateContextCustomizer@51971694], resourceBasePath = 'src/main/webapp', contextLoader = 'org.springframework.boot.test.context.SpringBootContextLoader', parent = [null]], attributes = map['org.springframework.test.context.web.ServletTestExecutionListener.activateListener' -> false]].
2018-04-24 14:34:59.684  INFO 21225 --- [    Test worker] o.s.t.c.transaction.TransactionContext   : Began transaction (1) for test context [DefaultTestContext@e409405 testClass = CommentControllerTest, testInstance = com.crossover.techtrial.controller.CommentControllerTest@7d6aa8fc, testMethod = getComment@CommentControllerTest, testException = [null], mergedContextConfiguration = [WebMergedContextConfiguration@5e72632b testClass = CommentControllerTest, locations = '{}', classes = '{class com.crossover.techtrial.CrossBlogsApplication}', contextInitializerClasses = '[]', activeProfiles = '{test}', propertySourceLocations = '{}', propertySourceProperties = '{org.springframework.boot.test.context.SpringBootTestContextBootstrapper=true, server.port=0}', contextCustomizers = set[org.springframework.boot.test.autoconfigure.properties.PropertyMappingContextCustomizer@0, org.springframework.boot.test.autoconfigure.web.servlet.WebDriverContextCustomizerFactory$Customizer@309b7543, org.springframework.boot.test.context.filter.ExcludeFilterContextCustomizer@2b0041da, org.springframework.boot.test.json.DuplicateJsonObjectContextCustomizerFactory$DuplicateJsonObjectContextCustomizer@53f73aa6, org.springframework.boot.test.mock.mockito.MockitoContextCustomizer@0, org.springframework.boot.test.web.client.TestRestTemplateContextCustomizer@51971694], resourceBasePath = 'src/main/webapp', contextLoader = 'org.springframework.boot.test.context.SpringBootContextLoader', parent = [null]], attributes = map['org.springframework.test.context.web.ServletTestExecutionListener.activateListener' -> false]]; transaction manager [org.springframework.orm.jpa.JpaTransactionManager@1447ad0e]; rollback [true]
2018-04-24 14:34:59.688  INFO 21225 --- [    Test worker] s.w.s.m.m.a.RequestMappingHandlerMapping : Mapped "{[/comments/{comment-id}],methods=[DELETE]}" onto public org.springframework.http.ResponseEntity<com.crossover.techtrial.model.Article> com.crossover.techtrial.controller.CommentController.deleteArticleById(java.lang.Long)
2018-04-24 14:34:59.688  INFO 21225 --- [    Test worker] s.w.s.m.m.a.RequestMappingHandlerMapping : Mapped "{[/comments],methods=[POST]}" onto public org.springframework.http.ResponseEntity<com.crossover.techtrial.model.Comment> com.crossover.techtrial.controller.CommentController.createComment(com.crossover.techtrial.model.Comment)
2018-04-24 14:34:59.688  INFO 21225 --- [    Test worker] s.w.s.m.m.a.RequestMappingHandlerMapping : Mapped "{[/comments/{comments-id}],methods=[GET]}" onto public org.springframework.http.ResponseEntity<com.crossover.techtrial.model.Comment> com.crossover.techtrial.controller.CommentController.getCommentById(java.lang.Long)
2018-04-24 14:34:59.689  INFO 21225 --- [    Test worker] s.w.s.m.m.a.RequestMappingHandlerMapping : Mapped "{[/comments],methods=[PUT]}" onto public org.springframework.http.ResponseEntity<com.crossover.techtrial.model.Comment> com.crossover.techtrial.controller.CommentController.updateComment(com.crossover.techtrial.model.Comment)
2018-04-24 14:34:59.701  INFO 21225 --- [    Test worker] s.w.s.m.m.a.RequestMappingHandlerAdapter : Looking for @ControllerAdvice: org.springframework.test.web.servlet.setup.StubWebApplicationContext@12d6f7db
2018-04-24 14:34:59.704  INFO 21225 --- [    Test worker] .m.m.a.ExceptionHandlerExceptionResolver : Detected @ExceptionHandler methods in com.crossover.techtrial.exceptions.GlobalExceptionHandler#1de57712
2018-04-24 14:34:59.704  INFO 21225 --- [    Test worker] o.s.mock.web.MockServletContext          : Initializing Spring FrameworkServlet ''
2018-04-24 14:34:59.704  INFO 21225 --- [    Test worker] o.s.t.web.servlet.TestDispatcherServlet  : FrameworkServlet '': initialization started
2018-04-24 14:34:59.705  INFO 21225 --- [    Test worker] o.s.t.web.servlet.TestDispatcherServlet  : FrameworkServlet '': initialization completed in 1 ms
2018-04-24 14:34:59.723  INFO 21225 --- [    Test worker] o.s.t.c.transaction.TransactionContext   : Rolled back transaction for test context [DefaultTestContext@e409405 testClass = CommentControllerTest, testInstance = com.crossover.techtrial.controller.CommentControllerTest@7d6aa8fc, testMethod = getComment@CommentControllerTest, testException = [null], mergedContextConfiguration = [WebMergedContextConfiguration@5e72632b testClass = CommentControllerTest, locations = '{}', classes = '{class com.crossover.techtrial.CrossBlogsApplication}', contextInitializerClasses = '[]', activeProfiles = '{test}', propertySourceLocations = '{}', propertySourceProperties = '{org.springframework.boot.test.context.SpringBootTestContextBootstrapper=true, server.port=0}', contextCustomizers = set[org.springframework.boot.test.autoconfigure.properties.PropertyMappingContextCustomizer@0, org.springframework.boot.test.autoconfigure.web.servlet.WebDriverContextCustomizerFactory$Customizer@309b7543, org.springframework.boot.test.context.filter.ExcludeFilterContextCustomizer@2b0041da, org.springframework.boot.test.json.DuplicateJsonObjectContextCustomizerFactory$DuplicateJsonObjectContextCustomizer@53f73aa6, org.springframework.boot.test.mock.mockito.MockitoContextCustomizer@0, org.springframework.boot.test.web.client.TestRestTemplateContextCustomizer@51971694], resourceBasePath = 'src/main/webapp', contextLoader = 'org.springframework.boot.test.context.SpringBootContextLoader', parent = [null]], attributes = map['org.springframework.test.context.web.ServletTestExecutionListener.activateListener' -> false]].
]]></system-out>
  <system-err><![CDATA[]]></system-err>
</testsuite>
