<?xml version="1.0" encoding="UTF-8"?>
<testsuite name="com.crossover.techtrial.controller.CommentControllerTest" tests="8" skipped="0" failures="0" errors="0" timestamp="2018-04-24T11:28:36" hostname="ramazan-Lenovo-G50-70" time="0.386">
  <properties/>
  <testcase name="checkEmailRequired" classname="com.crossover.techtrial.controller.CommentControllerTest" time="0.058"/>
  <testcase name="getNonExistingComment" classname="com.crossover.techtrial.controller.CommentControllerTest" time="0.035"/>
  <testcase name="checkMessageLength" classname="com.crossover.techtrial.controller.CommentControllerTest" time="0.068"/>
  <testcase name="createComment" classname="com.crossover.techtrial.controller.CommentControllerTest" time="0.052"/>
  <testcase name="createCommentExistingId" classname="com.crossover.techtrial.controller.CommentControllerTest" time="0.044"/>
  <testcase name="updateComment" classname="com.crossover.techtrial.controller.CommentControllerTest" time="0.049"/>
  <testcase name="deleteComment" classname="com.crossover.techtrial.controller.CommentControllerTest" time="0.037"/>
  <testcase name="getComment" classname="com.crossover.techtrial.controller.CommentControllerTest" time="0.035"/>
  <system-out><![CDATA[2018-04-24 14:28:36.807  INFO 20521 --- [    Test worker] .b.t.c.SpringBootTestContextBootstrapper : Neither @ContextConfiguration nor @ContextHierarchy found for test class [com.crossover.techtrial.controller.CommentControllerTest], using SpringBootContextLoader
2018-04-24 14:28:36.808  INFO 20521 --- [    Test worker] o.s.t.c.support.AbstractContextLoader    : Could not detect default resource locations for test class [com.crossover.techtrial.controller.CommentControllerTest]: no resource found for suffixes {-context.xml, Context.groovy}.
2018-04-24 14:28:36.808  INFO 20521 --- [    Test worker] t.c.s.AnnotationConfigContextLoaderUtils : Could not detect default configuration classes for test class [com.crossover.techtrial.controller.CommentControllerTest]: CommentControllerTest does not declare any static, non-private, non-final, nested classes annotated with @Configuration.
2018-04-24 14:28:36.809  INFO 20521 --- [    Test worker] .b.t.c.SpringBootTestContextBootstrapper : Found @SpringBootConfiguration com.crossover.techtrial.CrossBlogsApplication for test class com.crossover.techtrial.controller.CommentControllerTest
2018-04-24 14:28:36.811  INFO 20521 --- [    Test worker] .b.t.c.SpringBootTestContextBootstrapper : Loaded default TestExecutionListener class names from location [META-INF/spring.factories]: [org.springframework.boot.test.autoconfigure.restdocs.RestDocsTestExecutionListener, org.springframework.boot.test.autoconfigure.web.client.MockRestServiceServerResetTestExecutionListener, org.springframework.boot.test.autoconfigure.web.servlet.MockMvcPrintOnlyOnFailureTestExecutionListener, org.springframework.boot.test.autoconfigure.web.servlet.WebDriverTestExecutionListener, org.springframework.boot.test.mock.mockito.MockitoTestExecutionListener, org.springframework.boot.test.mock.mockito.ResetMocksTestExecutionListener, org.springframework.test.context.web.ServletTestExecutionListener, org.springframework.test.context.support.DirtiesContextBeforeModesTestExecutionListener, org.springframework.test.context.support.DependencyInjectionTestExecutionListener, org.springframework.test.context.support.DirtiesContextTestExecutionListener, org.springframework.test.context.transaction.TransactionalTestExecutionListener, org.springframework.test.context.jdbc.SqlScriptsTestExecutionListener]
2018-04-24 14:28:36.811  INFO 20521 --- [    Test worker] .b.t.c.SpringBootTestContextBootstrapper : Using TestExecutionListeners: [org.springframework.test.context.web.ServletTestExecutionListener@1b80c3a6, org.springframework.test.context.support.DirtiesContextBeforeModesTestExecutionListener@2c105d32, org.springframework.boot.test.mock.mockito.MockitoTestExecutionListener@6cc5a346, org.springframework.boot.test.autoconfigure.SpringBootDependencyInjectionTestExecutionListener@3299f9a3, org.springframework.test.context.support.DirtiesContextTestExecutionListener@2f1981a5, org.springframework.test.context.transaction.TransactionalTestExecutionListener@14ea0b9, org.springframework.test.context.jdbc.SqlScriptsTestExecutionListener@40d0ec45, org.springframework.boot.test.autoconfigure.restdocs.RestDocsTestExecutionListener@3df9511d, org.springframework.boot.test.autoconfigure.web.client.MockRestServiceServerResetTestExecutionListener@5e8eebae, org.springframework.boot.test.autoconfigure.web.servlet.MockMvcPrintOnlyOnFailureTestExecutionListener@2ab1c3ae, org.springframework.boot.test.autoconfigure.web.servlet.WebDriverTestExecutionListener@6dc4b079, org.springframework.boot.test.mock.mockito.ResetMocksTestExecutionListener@1a426565]
2018-04-24 14:28:36.829  INFO 20521 --- [    Test worker] o.s.t.c.transaction.TransactionContext   : Began transaction (1) for test context [DefaultTestContext@37696953 testClass = CommentControllerTest, testInstance = com.crossover.techtrial.controller.CommentControllerTest@69f0bce1, testMethod = checkEmailRequired@CommentControllerTest, testException = [null], mergedContextConfiguration = [WebMergedContextConfiguration@b579f1a testClass = CommentControllerTest, locations = '{}', classes = '{class com.crossover.techtrial.CrossBlogsApplication}', contextInitializerClasses = '[]', activeProfiles = '{test}', propertySourceLocations = '{}', propertySourceProperties = '{org.springframework.boot.test.context.SpringBootTestContextBootstrapper=true, server.port=0}', contextCustomizers = set[org.springframework.boot.test.autoconfigure.properties.PropertyMappingContextCustomizer@0, org.springframework.boot.test.autoconfigure.web.servlet.WebDriverContextCustomizerFactory$Customizer@2ecf0ab3, org.springframework.boot.test.context.filter.ExcludeFilterContextCustomizer@1d166fe6, org.springframework.boot.test.json.DuplicateJsonObjectContextCustomizerFactory$DuplicateJsonObjectContextCustomizer@7d547dff, org.springframework.boot.test.mock.mockito.MockitoContextCustomizer@0, org.springframework.boot.test.web.client.TestRestTemplateContextCustomizer@23cc638d], resourceBasePath = 'src/main/webapp', contextLoader = 'org.springframework.boot.test.context.SpringBootContextLoader', parent = [null]], attributes = map['org.springframework.test.context.web.ServletTestExecutionListener.activateListener' -> false]]; transaction manager [org.springframework.orm.jpa.JpaTransactionManager@79c5577c]; rollback [true]
2018-04-24 14:28:36.839  INFO 20521 --- [    Test worker] s.w.s.m.m.a.RequestMappingHandlerMapping : Mapped "{[/comments/{comment-id}],methods=[DELETE]}" onto public org.springframework.http.ResponseEntity<com.crossover.techtrial.model.Article> com.crossover.techtrial.controller.CommentController.deleteArticleById(java.lang.Long)
2018-04-24 14:28:36.840  INFO 20521 --- [    Test worker] s.w.s.m.m.a.RequestMappingHandlerMapping : Mapped "{[/comments],methods=[POST]}" onto public org.springframework.http.ResponseEntity<com.crossover.techtrial.model.Comment> com.crossover.techtrial.controller.CommentController.createComment(com.crossover.techtrial.model.Comment)
2018-04-24 14:28:36.840  INFO 20521 --- [    Test worker] s.w.s.m.m.a.RequestMappingHandlerMapping : Mapped "{[/comments/{comments-id}],methods=[GET]}" onto public org.springframework.http.ResponseEntity<com.crossover.techtrial.model.Comment> com.crossover.techtrial.controller.CommentController.getCommentById(java.lang.Long)
2018-04-24 14:28:36.840  INFO 20521 --- [    Test worker] s.w.s.m.m.a.RequestMappingHandlerMapping : Mapped "{[/comments],methods=[PUT]}" onto public org.springframework.http.ResponseEntity<com.crossover.techtrial.model.Comment> com.crossover.techtrial.controller.CommentController.updateComment(com.crossover.techtrial.model.Comment)
2018-04-24 14:28:36.849  INFO 20521 --- [    Test worker] s.w.s.m.m.a.RequestMappingHandlerAdapter : Looking for @ControllerAdvice: org.springframework.test.web.servlet.setup.StubWebApplicationContext@322b8568
2018-04-24 14:28:36.852  INFO 20521 --- [    Test worker] .m.m.a.ExceptionHandlerExceptionResolver : Detected @ExceptionHandler methods in com.crossover.techtrial.exceptions.GlobalExceptionHandler#390c490
2018-04-24 14:28:36.853  INFO 20521 --- [    Test worker] o.s.mock.web.MockServletContext          : Initializing Spring FrameworkServlet ''
2018-04-24 14:28:36.853  INFO 20521 --- [    Test worker] o.s.t.web.servlet.TestDispatcherServlet  : FrameworkServlet '': initialization started
2018-04-24 14:28:36.853  INFO 20521 --- [    Test worker] o.s.t.web.servlet.TestDispatcherServlet  : FrameworkServlet '': initialization completed in 0 ms
2018-04-24 14:28:36.885  INFO 20521 --- [    Test worker] o.s.t.c.transaction.TransactionContext   : Rolled back transaction for test context [DefaultTestContext@37696953 testClass = CommentControllerTest, testInstance = com.crossover.techtrial.controller.CommentControllerTest@69f0bce1, testMethod = checkEmailRequired@CommentControllerTest, testException = [null], mergedContextConfiguration = [WebMergedContextConfiguration@b579f1a testClass = CommentControllerTest, locations = '{}', classes = '{class com.crossover.techtrial.CrossBlogsApplication}', contextInitializerClasses = '[]', activeProfiles = '{test}', propertySourceLocations = '{}', propertySourceProperties = '{org.springframework.boot.test.context.SpringBootTestContextBootstrapper=true, server.port=0}', contextCustomizers = set[org.springframework.boot.test.autoconfigure.properties.PropertyMappingContextCustomizer@0, org.springframework.boot.test.autoconfigure.web.servlet.WebDriverContextCustomizerFactory$Customizer@2ecf0ab3, org.springframework.boot.test.context.filter.ExcludeFilterContextCustomizer@1d166fe6, org.springframework.boot.test.json.DuplicateJsonObjectContextCustomizerFactory$DuplicateJsonObjectContextCustomizer@7d547dff, org.springframework.boot.test.mock.mockito.MockitoContextCustomizer@0, org.springframework.boot.test.web.client.TestRestTemplateContextCustomizer@23cc638d], resourceBasePath = 'src/main/webapp', contextLoader = 'org.springframework.boot.test.context.SpringBootContextLoader', parent = [null]], attributes = map['org.springframework.test.context.web.ServletTestExecutionListener.activateListener' -> false]].
2018-04-24 14:28:36.888  INFO 20521 --- [    Test worker] o.s.t.c.transaction.TransactionContext   : Began transaction (1) for test context [DefaultTestContext@37696953 testClass = CommentControllerTest, testInstance = com.crossover.techtrial.controller.CommentControllerTest@33d2b353, testMethod = getNonExistingComment@CommentControllerTest, testException = [null], mergedContextConfiguration = [WebMergedContextConfiguration@b579f1a testClass = CommentControllerTest, locations = '{}', classes = '{class com.crossover.techtrial.CrossBlogsApplication}', contextInitializerClasses = '[]', activeProfiles = '{test}', propertySourceLocations = '{}', propertySourceProperties = '{org.springframework.boot.test.context.SpringBootTestContextBootstrapper=true, server.port=0}', contextCustomizers = set[org.springframework.boot.test.autoconfigure.properties.PropertyMappingContextCustomizer@0, org.springframework.boot.test.autoconfigure.web.servlet.WebDriverContextCustomizerFactory$Customizer@2ecf0ab3, org.springframework.boot.test.context.filter.ExcludeFilterContextCustomizer@1d166fe6, org.springframework.boot.test.json.DuplicateJsonObjectContextCustomizerFactory$DuplicateJsonObjectContextCustomizer@7d547dff, org.springframework.boot.test.mock.mockito.MockitoContextCustomizer@0, org.springframework.boot.test.web.client.TestRestTemplateContextCustomizer@23cc638d], resourceBasePath = 'src/main/webapp', contextLoader = 'org.springframework.boot.test.context.SpringBootContextLoader', parent = [null]], attributes = map['org.springframework.test.context.web.ServletTestExecutionListener.activateListener' -> false]]; transaction manager [org.springframework.orm.jpa.JpaTransactionManager@79c5577c]; rollback [true]
2018-04-24 14:28:36.892  INFO 20521 --- [    Test worker] s.w.s.m.m.a.RequestMappingHandlerMapping : Mapped "{[/comments/{comment-id}],methods=[DELETE]}" onto public org.springframework.http.ResponseEntity<com.crossover.techtrial.model.Article> com.crossover.techtrial.controller.CommentController.deleteArticleById(java.lang.Long)
2018-04-24 14:28:36.893  INFO 20521 --- [    Test worker] s.w.s.m.m.a.RequestMappingHandlerMapping : Mapped "{[/comments],methods=[POST]}" onto public org.springframework.http.ResponseEntity<com.crossover.techtrial.model.Comment> com.crossover.techtrial.controller.CommentController.createComment(com.crossover.techtrial.model.Comment)
2018-04-24 14:28:36.893  INFO 20521 --- [    Test worker] s.w.s.m.m.a.RequestMappingHandlerMapping : Mapped "{[/comments/{comments-id}],methods=[GET]}" onto public org.springframework.http.ResponseEntity<com.crossover.techtrial.model.Comment> com.crossover.techtrial.controller.CommentController.getCommentById(java.lang.Long)
2018-04-24 14:28:36.894  INFO 20521 --- [    Test worker] s.w.s.m.m.a.RequestMappingHandlerMapping : Mapped "{[/comments],methods=[PUT]}" onto public org.springframework.http.ResponseEntity<com.crossover.techtrial.model.Comment> com.crossover.techtrial.controller.CommentController.updateComment(com.crossover.techtrial.model.Comment)
2018-04-24 14:28:36.906  INFO 20521 --- [    Test worker] s.w.s.m.m.a.RequestMappingHandlerAdapter : Looking for @ControllerAdvice: org.springframework.test.web.servlet.setup.StubWebApplicationContext@3324145b
2018-04-24 14:28:36.908  INFO 20521 --- [    Test worker] .m.m.a.ExceptionHandlerExceptionResolver : Detected @ExceptionHandler methods in com.crossover.techtrial.exceptions.GlobalExceptionHandler#390c490
2018-04-24 14:28:36.909  INFO 20521 --- [    Test worker] o.s.mock.web.MockServletContext          : Initializing Spring FrameworkServlet ''
2018-04-24 14:28:36.909  INFO 20521 --- [    Test worker] o.s.t.web.servlet.TestDispatcherServlet  : FrameworkServlet '': initialization started
2018-04-24 14:28:36.909  INFO 20521 --- [    Test worker] o.s.t.web.servlet.TestDispatcherServlet  : FrameworkServlet '': initialization completed in 0 ms
2018-04-24 14:28:36.921  INFO 20521 --- [    Test worker] o.s.t.c.transaction.TransactionContext   : Rolled back transaction for test context [DefaultTestContext@37696953 testClass = CommentControllerTest, testInstance = com.crossover.techtrial.controller.CommentControllerTest@33d2b353, testMethod = getNonExistingComment@CommentControllerTest, testException = [null], mergedContextConfiguration = [WebMergedContextConfiguration@b579f1a testClass = CommentControllerTest, locations = '{}', classes = '{class com.crossover.techtrial.CrossBlogsApplication}', contextInitializerClasses = '[]', activeProfiles = '{test}', propertySourceLocations = '{}', propertySourceProperties = '{org.springframework.boot.test.context.SpringBootTestContextBootstrapper=true, server.port=0}', contextCustomizers = set[org.springframework.boot.test.autoconfigure.properties.PropertyMappingContextCustomizer@0, org.springframework.boot.test.autoconfigure.web.servlet.WebDriverContextCustomizerFactory$Customizer@2ecf0ab3, org.springframework.boot.test.context.filter.ExcludeFilterContextCustomizer@1d166fe6, org.springframework.boot.test.json.DuplicateJsonObjectContextCustomizerFactory$DuplicateJsonObjectContextCustomizer@7d547dff, org.springframework.boot.test.mock.mockito.MockitoContextCustomizer@0, org.springframework.boot.test.web.client.TestRestTemplateContextCustomizer@23cc638d], resourceBasePath = 'src/main/webapp', contextLoader = 'org.springframework.boot.test.context.SpringBootContextLoader', parent = [null]], attributes = map['org.springframework.test.context.web.ServletTestExecutionListener.activateListener' -> false]].
2018-04-24 14:28:36.925  INFO 20521 --- [    Test worker] o.s.t.c.transaction.TransactionContext   : Began transaction (1) for test context [DefaultTestContext@37696953 testClass = CommentControllerTest, testInstance = com.crossover.techtrial.controller.CommentControllerTest@61cf8da, testMethod = checkMessageLength@CommentControllerTest, testException = [null], mergedContextConfiguration = [WebMergedContextConfiguration@b579f1a testClass = CommentControllerTest, locations = '{}', classes = '{class com.crossover.techtrial.CrossBlogsApplication}', contextInitializerClasses = '[]', activeProfiles = '{test}', propertySourceLocations = '{}', propertySourceProperties = '{org.springframework.boot.test.context.SpringBootTestContextBootstrapper=true, server.port=0}', contextCustomizers = set[org.springframework.boot.test.autoconfigure.properties.PropertyMappingContextCustomizer@0, org.springframework.boot.test.autoconfigure.web.servlet.WebDriverContextCustomizerFactory$Customizer@2ecf0ab3, org.springframework.boot.test.context.filter.ExcludeFilterContextCustomizer@1d166fe6, org.springframework.boot.test.json.DuplicateJsonObjectContextCustomizerFactory$DuplicateJsonObjectContextCustomizer@7d547dff, org.springframework.boot.test.mock.mockito.MockitoContextCustomizer@0, org.springframework.boot.test.web.client.TestRestTemplateContextCustomizer@23cc638d], resourceBasePath = 'src/main/webapp', contextLoader = 'org.springframework.boot.test.context.SpringBootContextLoader', parent = [null]], attributes = map['org.springframework.test.context.web.ServletTestExecutionListener.activateListener' -> false]]; transaction manager [org.springframework.orm.jpa.JpaTransactionManager@79c5577c]; rollback [true]
2018-04-24 14:28:36.927  INFO 20521 --- [    Test worker] s.w.s.m.m.a.RequestMappingHandlerMapping : Mapped "{[/comments/{comment-id}],methods=[DELETE]}" onto public org.springframework.http.ResponseEntity<com.crossover.techtrial.model.Article> com.crossover.techtrial.controller.CommentController.deleteArticleById(java.lang.Long)
2018-04-24 14:28:36.928  INFO 20521 --- [    Test worker] s.w.s.m.m.a.RequestMappingHandlerMapping : Mapped "{[/comments],methods=[POST]}" onto public org.springframework.http.ResponseEntity<com.crossover.techtrial.model.Comment> com.crossover.techtrial.controller.CommentController.createComment(com.crossover.techtrial.model.Comment)
2018-04-24 14:28:36.928  INFO 20521 --- [    Test worker] s.w.s.m.m.a.RequestMappingHandlerMapping : Mapped "{[/comments/{comments-id}],methods=[GET]}" onto public org.springframework.http.ResponseEntity<com.crossover.techtrial.model.Comment> com.crossover.techtrial.controller.CommentController.getCommentById(java.lang.Long)
2018-04-24 14:28:36.928  INFO 20521 --- [    Test worker] s.w.s.m.m.a.RequestMappingHandlerMapping : Mapped "{[/comments],methods=[PUT]}" onto public org.springframework.http.ResponseEntity<com.crossover.techtrial.model.Comment> com.crossover.techtrial.controller.CommentController.updateComment(com.crossover.techtrial.model.Comment)
2018-04-24 14:28:36.938  INFO 20521 --- [    Test worker] s.w.s.m.m.a.RequestMappingHandlerAdapter : Looking for @ControllerAdvice: org.springframework.test.web.servlet.setup.StubWebApplicationContext@6854ca6f
2018-04-24 14:28:36.941  INFO 20521 --- [    Test worker] .m.m.a.ExceptionHandlerExceptionResolver : Detected @ExceptionHandler methods in com.crossover.techtrial.exceptions.GlobalExceptionHandler#390c490
2018-04-24 14:28:36.941  INFO 20521 --- [    Test worker] o.s.mock.web.MockServletContext          : Initializing Spring FrameworkServlet ''
2018-04-24 14:28:36.941  INFO 20521 --- [    Test worker] o.s.t.web.servlet.TestDispatcherServlet  : FrameworkServlet '': initialization started
2018-04-24 14:28:36.941  INFO 20521 --- [    Test worker] o.s.t.web.servlet.TestDispatcherServlet  : FrameworkServlet '': initialization completed in 0 ms
2018-04-24 14:28:36.990  INFO 20521 --- [    Test worker] o.s.t.c.transaction.TransactionContext   : Rolled back transaction for test context [DefaultTestContext@37696953 testClass = CommentControllerTest, testInstance = com.crossover.techtrial.controller.CommentControllerTest@61cf8da, testMethod = checkMessageLength@CommentControllerTest, testException = [null], mergedContextConfiguration = [WebMergedContextConfiguration@b579f1a testClass = CommentControllerTest, locations = '{}', classes = '{class com.crossover.techtrial.CrossBlogsApplication}', contextInitializerClasses = '[]', activeProfiles = '{test}', propertySourceLocations = '{}', propertySourceProperties = '{org.springframework.boot.test.context.SpringBootTestContextBootstrapper=true, server.port=0}', contextCustomizers = set[org.springframework.boot.test.autoconfigure.properties.PropertyMappingContextCustomizer@0, org.springframework.boot.test.autoconfigure.web.servlet.WebDriverContextCustomizerFactory$Customizer@2ecf0ab3, org.springframework.boot.test.context.filter.ExcludeFilterContextCustomizer@1d166fe6, org.springframework.boot.test.json.DuplicateJsonObjectContextCustomizerFactory$DuplicateJsonObjectContextCustomizer@7d547dff, org.springframework.boot.test.mock.mockito.MockitoContextCustomizer@0, org.springframework.boot.test.web.client.TestRestTemplateContextCustomizer@23cc638d], resourceBasePath = 'src/main/webapp', contextLoader = 'org.springframework.boot.test.context.SpringBootContextLoader', parent = [null]], attributes = map['org.springframework.test.context.web.ServletTestExecutionListener.activateListener' -> false]].
2018-04-24 14:28:36.994  INFO 20521 --- [    Test worker] o.s.t.c.transaction.TransactionContext   : Began transaction (1) for test context [DefaultTestContext@37696953 testClass = CommentControllerTest, testInstance = com.crossover.techtrial.controller.CommentControllerTest@1086637b, testMethod = createComment@CommentControllerTest, testException = [null], mergedContextConfiguration = [WebMergedContextConfiguration@b579f1a testClass = CommentControllerTest, locations = '{}', classes = '{class com.crossover.techtrial.CrossBlogsApplication}', contextInitializerClasses = '[]', activeProfiles = '{test}', propertySourceLocations = '{}', propertySourceProperties = '{org.springframework.boot.test.context.SpringBootTestContextBootstrapper=true, server.port=0}', contextCustomizers = set[org.springframework.boot.test.autoconfigure.properties.PropertyMappingContextCustomizer@0, org.springframework.boot.test.autoconfigure.web.servlet.WebDriverContextCustomizerFactory$Customizer@2ecf0ab3, org.springframework.boot.test.context.filter.ExcludeFilterContextCustomizer@1d166fe6, org.springframework.boot.test.json.DuplicateJsonObjectContextCustomizerFactory$DuplicateJsonObjectContextCustomizer@7d547dff, org.springframework.boot.test.mock.mockito.MockitoContextCustomizer@0, org.springframework.boot.test.web.client.TestRestTemplateContextCustomizer@23cc638d], resourceBasePath = 'src/main/webapp', contextLoader = 'org.springframework.boot.test.context.SpringBootContextLoader', parent = [null]], attributes = map['org.springframework.test.context.web.ServletTestExecutionListener.activateListener' -> false]]; transaction manager [org.springframework.orm.jpa.JpaTransactionManager@79c5577c]; rollback [true]
2018-04-24 14:28:36.997  INFO 20521 --- [    Test worker] s.w.s.m.m.a.RequestMappingHandlerMapping : Mapped "{[/comments/{comment-id}],methods=[DELETE]}" onto public org.springframework.http.ResponseEntity<com.crossover.techtrial.model.Article> com.crossover.techtrial.controller.CommentController.deleteArticleById(java.lang.Long)
2018-04-24 14:28:36.998  INFO 20521 --- [    Test worker] s.w.s.m.m.a.RequestMappingHandlerMapping : Mapped "{[/comments],methods=[POST]}" onto public org.springframework.http.ResponseEntity<com.crossover.techtrial.model.Comment> com.crossover.techtrial.controller.CommentController.createComment(com.crossover.techtrial.model.Comment)
2018-04-24 14:28:36.998  INFO 20521 --- [    Test worker] s.w.s.m.m.a.RequestMappingHandlerMapping : Mapped "{[/comments/{comments-id}],methods=[GET]}" onto public org.springframework.http.ResponseEntity<com.crossover.techtrial.model.Comment> com.crossover.techtrial.controller.CommentController.getCommentById(java.lang.Long)
2018-04-24 14:28:36.998  INFO 20521 --- [    Test worker] s.w.s.m.m.a.RequestMappingHandlerMapping : Mapped "{[/comments],methods=[PUT]}" onto public org.springframework.http.ResponseEntity<com.crossover.techtrial.model.Comment> com.crossover.techtrial.controller.CommentController.updateComment(com.crossover.techtrial.model.Comment)
2018-04-24 14:28:37.008  INFO 20521 --- [    Test worker] s.w.s.m.m.a.RequestMappingHandlerAdapter : Looking for @ControllerAdvice: org.springframework.test.web.servlet.setup.StubWebApplicationContext@20c52778
2018-04-24 14:28:37.011  INFO 20521 --- [    Test worker] .m.m.a.ExceptionHandlerExceptionResolver : Detected @ExceptionHandler methods in com.crossover.techtrial.exceptions.GlobalExceptionHandler#390c490
2018-04-24 14:28:37.011  INFO 20521 --- [    Test worker] o.s.mock.web.MockServletContext          : Initializing Spring FrameworkServlet ''
2018-04-24 14:28:37.012  INFO 20521 --- [    Test worker] o.s.t.web.servlet.TestDispatcherServlet  : FrameworkServlet '': initialization started
2018-04-24 14:28:37.012  INFO 20521 --- [    Test worker] o.s.t.web.servlet.TestDispatcherServlet  : FrameworkServlet '': initialization completed in 0 ms
2018-04-24 14:28:37.043  INFO 20521 --- [    Test worker] o.s.t.c.transaction.TransactionContext   : Rolled back transaction for test context [DefaultTestContext@37696953 testClass = CommentControllerTest, testInstance = com.crossover.techtrial.controller.CommentControllerTest@1086637b, testMethod = createComment@CommentControllerTest, testException = [null], mergedContextConfiguration = [WebMergedContextConfiguration@b579f1a testClass = CommentControllerTest, locations = '{}', classes = '{class com.crossover.techtrial.CrossBlogsApplication}', contextInitializerClasses = '[]', activeProfiles = '{test}', propertySourceLocations = '{}', propertySourceProperties = '{org.springframework.boot.test.context.SpringBootTestContextBootstrapper=true, server.port=0}', contextCustomizers = set[org.springframework.boot.test.autoconfigure.properties.PropertyMappingContextCustomizer@0, org.springframework.boot.test.autoconfigure.web.servlet.WebDriverContextCustomizerFactory$Customizer@2ecf0ab3, org.springframework.boot.test.context.filter.ExcludeFilterContextCustomizer@1d166fe6, org.springframework.boot.test.json.DuplicateJsonObjectContextCustomizerFactory$DuplicateJsonObjectContextCustomizer@7d547dff, org.springframework.boot.test.mock.mockito.MockitoContextCustomizer@0, org.springframework.boot.test.web.client.TestRestTemplateContextCustomizer@23cc638d], resourceBasePath = 'src/main/webapp', contextLoader = 'org.springframework.boot.test.context.SpringBootContextLoader', parent = [null]], attributes = map['org.springframework.test.context.web.ServletTestExecutionListener.activateListener' -> false]].
2018-04-24 14:28:37.046  INFO 20521 --- [    Test worker] o.s.t.c.transaction.TransactionContext   : Began transaction (1) for test context [DefaultTestContext@37696953 testClass = CommentControllerTest, testInstance = com.crossover.techtrial.controller.CommentControllerTest@6f4843c1, testMethod = createCommentExistingId@CommentControllerTest, testException = [null], mergedContextConfiguration = [WebMergedContextConfiguration@b579f1a testClass = CommentControllerTest, locations = '{}', classes = '{class com.crossover.techtrial.CrossBlogsApplication}', contextInitializerClasses = '[]', activeProfiles = '{test}', propertySourceLocations = '{}', propertySourceProperties = '{org.springframework.boot.test.context.SpringBootTestContextBootstrapper=true, server.port=0}', contextCustomizers = set[org.springframework.boot.test.autoconfigure.properties.PropertyMappingContextCustomizer@0, org.springframework.boot.test.autoconfigure.web.servlet.WebDriverContextCustomizerFactory$Customizer@2ecf0ab3, org.springframework.boot.test.context.filter.ExcludeFilterContextCustomizer@1d166fe6, org.springframework.boot.test.json.DuplicateJsonObjectContextCustomizerFactory$DuplicateJsonObjectContextCustomizer@7d547dff, org.springframework.boot.test.mock.mockito.MockitoContextCustomizer@0, org.springframework.boot.test.web.client.TestRestTemplateContextCustomizer@23cc638d], resourceBasePath = 'src/main/webapp', contextLoader = 'org.springframework.boot.test.context.SpringBootContextLoader', parent = [null]], attributes = map['org.springframework.test.context.web.ServletTestExecutionListener.activateListener' -> false]]; transaction manager [org.springframework.orm.jpa.JpaTransactionManager@79c5577c]; rollback [true]
2018-04-24 14:28:37.050  INFO 20521 --- [    Test worker] s.w.s.m.m.a.RequestMappingHandlerMapping : Mapped "{[/comments/{comment-id}],methods=[DELETE]}" onto public org.springframework.http.ResponseEntity<com.crossover.techtrial.model.Article> com.crossover.techtrial.controller.CommentController.deleteArticleById(java.lang.Long)
2018-04-24 14:28:37.050  INFO 20521 --- [    Test worker] s.w.s.m.m.a.RequestMappingHandlerMapping : Mapped "{[/comments],methods=[POST]}" onto public org.springframework.http.ResponseEntity<com.crossover.techtrial.model.Comment> com.crossover.techtrial.controller.CommentController.createComment(com.crossover.techtrial.model.Comment)
2018-04-24 14:28:37.050  INFO 20521 --- [    Test worker] s.w.s.m.m.a.RequestMappingHandlerMapping : Mapped "{[/comments/{comments-id}],methods=[GET]}" onto public org.springframework.http.ResponseEntity<com.crossover.techtrial.model.Comment> com.crossover.techtrial.controller.CommentController.getCommentById(java.lang.Long)
2018-04-24 14:28:37.050  INFO 20521 --- [    Test worker] s.w.s.m.m.a.RequestMappingHandlerMapping : Mapped "{[/comments],methods=[PUT]}" onto public org.springframework.http.ResponseEntity<com.crossover.techtrial.model.Comment> com.crossover.techtrial.controller.CommentController.updateComment(com.crossover.techtrial.model.Comment)
2018-04-24 14:28:37.061  INFO 20521 --- [    Test worker] s.w.s.m.m.a.RequestMappingHandlerAdapter : Looking for @ControllerAdvice: org.springframework.test.web.servlet.setup.StubWebApplicationContext@79fdc162
2018-04-24 14:28:37.064  INFO 20521 --- [    Test worker] .m.m.a.ExceptionHandlerExceptionResolver : Detected @ExceptionHandler methods in com.crossover.techtrial.exceptions.GlobalExceptionHandler#390c490
2018-04-24 14:28:37.064  INFO 20521 --- [    Test worker] o.s.mock.web.MockServletContext          : Initializing Spring FrameworkServlet ''
2018-04-24 14:28:37.064  INFO 20521 --- [    Test worker] o.s.t.web.servlet.TestDispatcherServlet  : FrameworkServlet '': initialization started
2018-04-24 14:28:37.064  INFO 20521 --- [    Test worker] o.s.t.web.servlet.TestDispatcherServlet  : FrameworkServlet '': initialization completed in 0 ms
2018-04-24 14:28:37.088  INFO 20521 --- [    Test worker] o.s.t.c.transaction.TransactionContext   : Rolled back transaction for test context [DefaultTestContext@37696953 testClass = CommentControllerTest, testInstance = com.crossover.techtrial.controller.CommentControllerTest@6f4843c1, testMethod = createCommentExistingId@CommentControllerTest, testException = [null], mergedContextConfiguration = [WebMergedContextConfiguration@b579f1a testClass = CommentControllerTest, locations = '{}', classes = '{class com.crossover.techtrial.CrossBlogsApplication}', contextInitializerClasses = '[]', activeProfiles = '{test}', propertySourceLocations = '{}', propertySourceProperties = '{org.springframework.boot.test.context.SpringBootTestContextBootstrapper=true, server.port=0}', contextCustomizers = set[org.springframework.boot.test.autoconfigure.properties.PropertyMappingContextCustomizer@0, org.springframework.boot.test.autoconfigure.web.servlet.WebDriverContextCustomizerFactory$Customizer@2ecf0ab3, org.springframework.boot.test.context.filter.ExcludeFilterContextCustomizer@1d166fe6, org.springframework.boot.test.json.DuplicateJsonObjectContextCustomizerFactory$DuplicateJsonObjectContextCustomizer@7d547dff, org.springframework.boot.test.mock.mockito.MockitoContextCustomizer@0, org.springframework.boot.test.web.client.TestRestTemplateContextCustomizer@23cc638d], resourceBasePath = 'src/main/webapp', contextLoader = 'org.springframework.boot.test.context.SpringBootContextLoader', parent = [null]], attributes = map['org.springframework.test.context.web.ServletTestExecutionListener.activateListener' -> false]].
2018-04-24 14:28:37.091  INFO 20521 --- [    Test worker] o.s.t.c.transaction.TransactionContext   : Began transaction (1) for test context [DefaultTestContext@37696953 testClass = CommentControllerTest, testInstance = com.crossover.techtrial.controller.CommentControllerTest@709f1f8e, testMethod = updateComment@CommentControllerTest, testException = [null], mergedContextConfiguration = [WebMergedContextConfiguration@b579f1a testClass = CommentControllerTest, locations = '{}', classes = '{class com.crossover.techtrial.CrossBlogsApplication}', contextInitializerClasses = '[]', activeProfiles = '{test}', propertySourceLocations = '{}', propertySourceProperties = '{org.springframework.boot.test.context.SpringBootTestContextBootstrapper=true, server.port=0}', contextCustomizers = set[org.springframework.boot.test.autoconfigure.properties.PropertyMappingContextCustomizer@0, org.springframework.boot.test.autoconfigure.web.servlet.WebDriverContextCustomizerFactory$Customizer@2ecf0ab3, org.springframework.boot.test.context.filter.ExcludeFilterContextCustomizer@1d166fe6, org.springframework.boot.test.json.DuplicateJsonObjectContextCustomizerFactory$DuplicateJsonObjectContextCustomizer@7d547dff, org.springframework.boot.test.mock.mockito.MockitoContextCustomizer@0, org.springframework.boot.test.web.client.TestRestTemplateContextCustomizer@23cc638d], resourceBasePath = 'src/main/webapp', contextLoader = 'org.springframework.boot.test.context.SpringBootContextLoader', parent = [null]], attributes = map['org.springframework.test.context.web.ServletTestExecutionListener.activateListener' -> false]]; transaction manager [org.springframework.orm.jpa.JpaTransactionManager@79c5577c]; rollback [true]
2018-04-24 14:28:37.094  INFO 20521 --- [    Test worker] s.w.s.m.m.a.RequestMappingHandlerMapping : Mapped "{[/comments/{comment-id}],methods=[DELETE]}" onto public org.springframework.http.ResponseEntity<com.crossover.techtrial.model.Article> com.crossover.techtrial.controller.CommentController.deleteArticleById(java.lang.Long)
2018-04-24 14:28:37.094  INFO 20521 --- [    Test worker] s.w.s.m.m.a.RequestMappingHandlerMapping : Mapped "{[/comments],methods=[POST]}" onto public org.springframework.http.ResponseEntity<com.crossover.techtrial.model.Comment> com.crossover.techtrial.controller.CommentController.createComment(com.crossover.techtrial.model.Comment)
2018-04-24 14:28:37.095  INFO 20521 --- [    Test worker] s.w.s.m.m.a.RequestMappingHandlerMapping : Mapped "{[/comments/{comments-id}],methods=[GET]}" onto public org.springframework.http.ResponseEntity<com.crossover.techtrial.model.Comment> com.crossover.techtrial.controller.CommentController.getCommentById(java.lang.Long)
2018-04-24 14:28:37.095  INFO 20521 --- [    Test worker] s.w.s.m.m.a.RequestMappingHandlerMapping : Mapped "{[/comments],methods=[PUT]}" onto public org.springframework.http.ResponseEntity<com.crossover.techtrial.model.Comment> com.crossover.techtrial.controller.CommentController.updateComment(com.crossover.techtrial.model.Comment)
2018-04-24 14:28:37.105  INFO 20521 --- [    Test worker] s.w.s.m.m.a.RequestMappingHandlerAdapter : Looking for @ControllerAdvice: org.springframework.test.web.servlet.setup.StubWebApplicationContext@66e47872
2018-04-24 14:28:37.107  INFO 20521 --- [    Test worker] .m.m.a.ExceptionHandlerExceptionResolver : Detected @ExceptionHandler methods in com.crossover.techtrial.exceptions.GlobalExceptionHandler#390c490
2018-04-24 14:28:37.107  INFO 20521 --- [    Test worker] o.s.mock.web.MockServletContext          : Initializing Spring FrameworkServlet ''
2018-04-24 14:28:37.107  INFO 20521 --- [    Test worker] o.s.t.web.servlet.TestDispatcherServlet  : FrameworkServlet '': initialization started
2018-04-24 14:28:37.108  INFO 20521 --- [    Test worker] o.s.t.web.servlet.TestDispatcherServlet  : FrameworkServlet '': initialization completed in 0 ms
2018-04-24 14:28:37.138  INFO 20521 --- [    Test worker] o.s.t.c.transaction.TransactionContext   : Rolled back transaction for test context [DefaultTestContext@37696953 testClass = CommentControllerTest, testInstance = com.crossover.techtrial.controller.CommentControllerTest@709f1f8e, testMethod = updateComment@CommentControllerTest, testException = [null], mergedContextConfiguration = [WebMergedContextConfiguration@b579f1a testClass = CommentControllerTest, locations = '{}', classes = '{class com.crossover.techtrial.CrossBlogsApplication}', contextInitializerClasses = '[]', activeProfiles = '{test}', propertySourceLocations = '{}', propertySourceProperties = '{org.springframework.boot.test.context.SpringBootTestContextBootstrapper=true, server.port=0}', contextCustomizers = set[org.springframework.boot.test.autoconfigure.properties.PropertyMappingContextCustomizer@0, org.springframework.boot.test.autoconfigure.web.servlet.WebDriverContextCustomizerFactory$Customizer@2ecf0ab3, org.springframework.boot.test.context.filter.ExcludeFilterContextCustomizer@1d166fe6, org.springframework.boot.test.json.DuplicateJsonObjectContextCustomizerFactory$DuplicateJsonObjectContextCustomizer@7d547dff, org.springframework.boot.test.mock.mockito.MockitoContextCustomizer@0, org.springframework.boot.test.web.client.TestRestTemplateContextCustomizer@23cc638d], resourceBasePath = 'src/main/webapp', contextLoader = 'org.springframework.boot.test.context.SpringBootContextLoader', parent = [null]], attributes = map['org.springframework.test.context.web.ServletTestExecutionListener.activateListener' -> false]].
2018-04-24 14:28:37.141  INFO 20521 --- [    Test worker] o.s.t.c.transaction.TransactionContext   : Began transaction (1) for test context [DefaultTestContext@37696953 testClass = CommentControllerTest, testInstance = com.crossover.techtrial.controller.CommentControllerTest@18c1d7c1, testMethod = deleteComment@CommentControllerTest, testException = [null], mergedContextConfiguration = [WebMergedContextConfiguration@b579f1a testClass = CommentControllerTest, locations = '{}', classes = '{class com.crossover.techtrial.CrossBlogsApplication}', contextInitializerClasses = '[]', activeProfiles = '{test}', propertySourceLocations = '{}', propertySourceProperties = '{org.springframework.boot.test.context.SpringBootTestContextBootstrapper=true, server.port=0}', contextCustomizers = set[org.springframework.boot.test.autoconfigure.properties.PropertyMappingContextCustomizer@0, org.springframework.boot.test.autoconfigure.web.servlet.WebDriverContextCustomizerFactory$Customizer@2ecf0ab3, org.springframework.boot.test.context.filter.ExcludeFilterContextCustomizer@1d166fe6, org.springframework.boot.test.json.DuplicateJsonObjectContextCustomizerFactory$DuplicateJsonObjectContextCustomizer@7d547dff, org.springframework.boot.test.mock.mockito.MockitoContextCustomizer@0, org.springframework.boot.test.web.client.TestRestTemplateContextCustomizer@23cc638d], resourceBasePath = 'src/main/webapp', contextLoader = 'org.springframework.boot.test.context.SpringBootContextLoader', parent = [null]], attributes = map['org.springframework.test.context.web.ServletTestExecutionListener.activateListener' -> false]]; transaction manager [org.springframework.orm.jpa.JpaTransactionManager@79c5577c]; rollback [true]
2018-04-24 14:28:37.145  INFO 20521 --- [    Test worker] s.w.s.m.m.a.RequestMappingHandlerMapping : Mapped "{[/comments/{comment-id}],methods=[DELETE]}" onto public org.springframework.http.ResponseEntity<com.crossover.techtrial.model.Article> com.crossover.techtrial.controller.CommentController.deleteArticleById(java.lang.Long)
2018-04-24 14:28:37.145  INFO 20521 --- [    Test worker] s.w.s.m.m.a.RequestMappingHandlerMapping : Mapped "{[/comments],methods=[POST]}" onto public org.springframework.http.ResponseEntity<com.crossover.techtrial.model.Comment> com.crossover.techtrial.controller.CommentController.createComment(com.crossover.techtrial.model.Comment)
2018-04-24 14:28:37.145  INFO 20521 --- [    Test worker] s.w.s.m.m.a.RequestMappingHandlerMapping : Mapped "{[/comments/{comments-id}],methods=[GET]}" onto public org.springframework.http.ResponseEntity<com.crossover.techtrial.model.Comment> com.crossover.techtrial.controller.CommentController.getCommentById(java.lang.Long)
2018-04-24 14:28:37.145  INFO 20521 --- [    Test worker] s.w.s.m.m.a.RequestMappingHandlerMapping : Mapped "{[/comments],methods=[PUT]}" onto public org.springframework.http.ResponseEntity<com.crossover.techtrial.model.Comment> com.crossover.techtrial.controller.CommentController.updateComment(com.crossover.techtrial.model.Comment)
2018-04-24 14:28:37.155  INFO 20521 --- [    Test worker] s.w.s.m.m.a.RequestMappingHandlerAdapter : Looking for @ControllerAdvice: org.springframework.test.web.servlet.setup.StubWebApplicationContext@66f52da9
2018-04-24 14:28:37.157  INFO 20521 --- [    Test worker] .m.m.a.ExceptionHandlerExceptionResolver : Detected @ExceptionHandler methods in com.crossover.techtrial.exceptions.GlobalExceptionHandler#390c490
2018-04-24 14:28:37.158  INFO 20521 --- [    Test worker] o.s.mock.web.MockServletContext          : Initializing Spring FrameworkServlet ''
2018-04-24 14:28:37.158  INFO 20521 --- [    Test worker] o.s.t.web.servlet.TestDispatcherServlet  : FrameworkServlet '': initialization started
2018-04-24 14:28:37.158  INFO 20521 --- [    Test worker] o.s.t.web.servlet.TestDispatcherServlet  : FrameworkServlet '': initialization completed in 0 ms
2018-04-24 14:28:37.177  INFO 20521 --- [    Test worker] o.s.t.c.transaction.TransactionContext   : Rolled back transaction for test context [DefaultTestContext@37696953 testClass = CommentControllerTest, testInstance = com.crossover.techtrial.controller.CommentControllerTest@18c1d7c1, testMethod = deleteComment@CommentControllerTest, testException = [null], mergedContextConfiguration = [WebMergedContextConfiguration@b579f1a testClass = CommentControllerTest, locations = '{}', classes = '{class com.crossover.techtrial.CrossBlogsApplication}', contextInitializerClasses = '[]', activeProfiles = '{test}', propertySourceLocations = '{}', propertySourceProperties = '{org.springframework.boot.test.context.SpringBootTestContextBootstrapper=true, server.port=0}', contextCustomizers = set[org.springframework.boot.test.autoconfigure.properties.PropertyMappingContextCustomizer@0, org.springframework.boot.test.autoconfigure.web.servlet.WebDriverContextCustomizerFactory$Customizer@2ecf0ab3, org.springframework.boot.test.context.filter.ExcludeFilterContextCustomizer@1d166fe6, org.springframework.boot.test.json.DuplicateJsonObjectContextCustomizerFactory$DuplicateJsonObjectContextCustomizer@7d547dff, org.springframework.boot.test.mock.mockito.MockitoContextCustomizer@0, org.springframework.boot.test.web.client.TestRestTemplateContextCustomizer@23cc638d], resourceBasePath = 'src/main/webapp', contextLoader = 'org.springframework.boot.test.context.SpringBootContextLoader', parent = [null]], attributes = map['org.springframework.test.context.web.ServletTestExecutionListener.activateListener' -> false]].
2018-04-24 14:28:37.179  INFO 20521 --- [    Test worker] o.s.t.c.transaction.TransactionContext   : Began transaction (1) for test context [DefaultTestContext@37696953 testClass = CommentControllerTest, testInstance = com.crossover.techtrial.controller.CommentControllerTest@66c989e5, testMethod = getComment@CommentControllerTest, testException = [null], mergedContextConfiguration = [WebMergedContextConfiguration@b579f1a testClass = CommentControllerTest, locations = '{}', classes = '{class com.crossover.techtrial.CrossBlogsApplication}', contextInitializerClasses = '[]', activeProfiles = '{test}', propertySourceLocations = '{}', propertySourceProperties = '{org.springframework.boot.test.context.SpringBootTestContextBootstrapper=true, server.port=0}', contextCustomizers = set[org.springframework.boot.test.autoconfigure.properties.PropertyMappingContextCustomizer@0, org.springframework.boot.test.autoconfigure.web.servlet.WebDriverContextCustomizerFactory$Customizer@2ecf0ab3, org.springframework.boot.test.context.filter.ExcludeFilterContextCustomizer@1d166fe6, org.springframework.boot.test.json.DuplicateJsonObjectContextCustomizerFactory$DuplicateJsonObjectContextCustomizer@7d547dff, org.springframework.boot.test.mock.mockito.MockitoContextCustomizer@0, org.springframework.boot.test.web.client.TestRestTemplateContextCustomizer@23cc638d], resourceBasePath = 'src/main/webapp', contextLoader = 'org.springframework.boot.test.context.SpringBootContextLoader', parent = [null]], attributes = map['org.springframework.test.context.web.ServletTestExecutionListener.activateListener' -> false]]; transaction manager [org.springframework.orm.jpa.JpaTransactionManager@79c5577c]; rollback [true]
2018-04-24 14:28:37.183  INFO 20521 --- [    Test worker] s.w.s.m.m.a.RequestMappingHandlerMapping : Mapped "{[/comments/{comment-id}],methods=[DELETE]}" onto public org.springframework.http.ResponseEntity<com.crossover.techtrial.model.Article> com.crossover.techtrial.controller.CommentController.deleteArticleById(java.lang.Long)
2018-04-24 14:28:37.183  INFO 20521 --- [    Test worker] s.w.s.m.m.a.RequestMappingHandlerMapping : Mapped "{[/comments],methods=[POST]}" onto public org.springframework.http.ResponseEntity<com.crossover.techtrial.model.Comment> com.crossover.techtrial.controller.CommentController.createComment(com.crossover.techtrial.model.Comment)
2018-04-24 14:28:37.183  INFO 20521 --- [    Test worker] s.w.s.m.m.a.RequestMappingHandlerMapping : Mapped "{[/comments/{comments-id}],methods=[GET]}" onto public org.springframework.http.ResponseEntity<com.crossover.techtrial.model.Comment> com.crossover.techtrial.controller.CommentController.getCommentById(java.lang.Long)
2018-04-24 14:28:37.184  INFO 20521 --- [    Test worker] s.w.s.m.m.a.RequestMappingHandlerMapping : Mapped "{[/comments],methods=[PUT]}" onto public org.springframework.http.ResponseEntity<com.crossover.techtrial.model.Comment> com.crossover.techtrial.controller.CommentController.updateComment(com.crossover.techtrial.model.Comment)
2018-04-24 14:28:37.195  INFO 20521 --- [    Test worker] s.w.s.m.m.a.RequestMappingHandlerAdapter : Looking for @ControllerAdvice: org.springframework.test.web.servlet.setup.StubWebApplicationContext@47d92aa6
2018-04-24 14:28:37.198  INFO 20521 --- [    Test worker] .m.m.a.ExceptionHandlerExceptionResolver : Detected @ExceptionHandler methods in com.crossover.techtrial.exceptions.GlobalExceptionHandler#390c490
2018-04-24 14:28:37.198  INFO 20521 --- [    Test worker] o.s.mock.web.MockServletContext          : Initializing Spring FrameworkServlet ''
2018-04-24 14:28:37.199  INFO 20521 --- [    Test worker] o.s.t.web.servlet.TestDispatcherServlet  : FrameworkServlet '': initialization started
2018-04-24 14:28:37.199  INFO 20521 --- [    Test worker] o.s.t.web.servlet.TestDispatcherServlet  : FrameworkServlet '': initialization completed in 0 ms
2018-04-24 14:28:37.214  INFO 20521 --- [    Test worker] o.s.t.c.transaction.TransactionContext   : Rolled back transaction for test context [DefaultTestContext@37696953 testClass = CommentControllerTest, testInstance = com.crossover.techtrial.controller.CommentControllerTest@66c989e5, testMethod = getComment@CommentControllerTest, testException = [null], mergedContextConfiguration = [WebMergedContextConfiguration@b579f1a testClass = CommentControllerTest, locations = '{}', classes = '{class com.crossover.techtrial.CrossBlogsApplication}', contextInitializerClasses = '[]', activeProfiles = '{test}', propertySourceLocations = '{}', propertySourceProperties = '{org.springframework.boot.test.context.SpringBootTestContextBootstrapper=true, server.port=0}', contextCustomizers = set[org.springframework.boot.test.autoconfigure.properties.PropertyMappingContextCustomizer@0, org.springframework.boot.test.autoconfigure.web.servlet.WebDriverContextCustomizerFactory$Customizer@2ecf0ab3, org.springframework.boot.test.context.filter.ExcludeFilterContextCustomizer@1d166fe6, org.springframework.boot.test.json.DuplicateJsonObjectContextCustomizerFactory$DuplicateJsonObjectContextCustomizer@7d547dff, org.springframework.boot.test.mock.mockito.MockitoContextCustomizer@0, org.springframework.boot.test.web.client.TestRestTemplateContextCustomizer@23cc638d], resourceBasePath = 'src/main/webapp', contextLoader = 'org.springframework.boot.test.context.SpringBootContextLoader', parent = [null]], attributes = map['org.springframework.test.context.web.ServletTestExecutionListener.activateListener' -> false]].
]]></system-out>
  <system-err><![CDATA[]]></system-err>
</testsuite>
